"../../../Engine/Content/Functions/Engine_MaterialFunctions02/Utility/BlendAngleCorrectedNormals.uasset" 0
"../../../Engine/Content/Functions/MaterialLayerFunctions/MatLayerBlend_NormalBlend.uasset" 1
"../../../Engine/Content/Functions/MaterialLayerFunctions/MatLayerBlend_Simple.uasset" 2
"../../../Descend04/Content/Mannequin/Character/Materials/MaterialLayers/T_ML_Rubber_Blue_01_D.uasset" 3
"../../../Descend04/Content/Mannequin/Character/Materials/MaterialLayers/T_ML_Rubber_Blue_01_N.uasset" 4
"../../../Descend04/Content/Mannequin/Character/Materials/MaterialLayers/ML_GlossyBlack_Latex_UE4.uasset" 5
"../../../Descend04/Content/Mannequin/Character/Materials/MaterialLayers/ML_Plastic_Shiny_Beige.uasset" 6
"../../../Descend04/Content/Mannequin/Character/Textures/UE4_LOGO_CARD.uasset" 7
"../../../Descend04/Content/Mannequin/Character/Materials/MaterialLayers/ML_Plastic_Shiny_Beige_LOGO.uasset" 8
"../../../Descend04/Content/Mannequin/Character/Materials/MaterialLayers/T_ML_Aluminum01.uasset" 9
"../../../Descend04/Content/Mannequin/Character/Materials/MaterialLayers/T_ML_Aluminum01_N.uasset" 10
"../../../Descend04/Content/Mannequin/Character/Materials/MaterialLayers/ML_SoftMetal_UE4.uasset" 11
"../../../Descend04/Content/Mannequin/Character/Textures/UE4_Mannequin__normals.uasset" 12
"../../../Descend04/Content/Mannequin/Character/Textures/UE4_Mannequin_MAT_MASKA.uasset" 13
"../../../Descend04/Content/Mannequin/Character/Materials/M_UE4Man_Body.uasset" 14
"../../../Descend04/Content/Mannequin/Character/Textures/UE4Man_Logo_N.uasset" 15
"../../../Descend04/Content/Mannequin/Character/Materials/M_UE4Man_ChestLogo.uasset" 16
"../../../Descend04/Content/Mannequin/Character/Mesh/SK_Mannequin_PhysicsAsset.uasset" 17
"../../../Descend04/Content/Mannequin/Character/Mesh/SK_Mannequin.uasset" 18
"../../../Descend04/Content/Mannequin/Character/Mesh/UE4_Mannequin_Skeleton.uasset" 19
"../../../Descend04/Content/Mannequin/Animations/ThirdPerson_Jump.uasset" 20
"../../../Descend04/Content/Mannequin/Animations/ThirdPersonJump_Loop.uasset" 21
"../../../Descend04/Content/Mannequin/Animations/ThirdPersonJump_Start.uasset" 22
"../../../Descend04/Content/Mannequin/Animations/ThirdPersonIdle.uasset" 23
"../../../Descend04/Content/Mannequin/Animations/ThirdPersonRun.uasset" 24
"../../../Descend04/Content/Mannequin/Animations/ThirdPersonWalk.uasset" 25
"../../../Descend04/Content/Mannequin/Animations/ThirdPerson_IdleRun_2D.uasset" 26
"../../../Engine/Content/EditorBlueprintResources/StandardMacros.uasset" 27
"../../../Descend04/Content/Mannequin/Animations/ThirdPerson_AnimBP.uasset" 28
"../../../Engine/Content/BasicShapes/BasicShapeMaterial.uasset" 29
"../../../Engine/Content/Functions/Engine_MaterialFunctions01/Opacity/CameraDepthFade.uasset" 30
"../../../Engine/Content/EngineMaterials/T_Default_Material_Grid_M.uasset" 31
"../../../Engine/Content/EngineMaterials/T_Default_Material_Grid_N.uasset" 32
"../../../Engine/Content/EngineMaterials/WorldGridMaterial.uasset" 33
"../../../Engine/Content/BasicShapes/Cube.uasset" 34
"../../../Descend04/Content/Blueprints/PlayerAttackBox.uasset" 35
"../../../Descend04/Content/TopDownBP/Character/lambert2.uasset" 36
"../../../Descend04/Content/TopDownBP/Character/ItemSwordUpdated1_PhysicsAsset.uasset" 37
"../../../Descend04/Content/TopDownBP/Character/ItemSwordUpdated1_Skeleton.uasset" 38
"../../../Descend04/Content/TopDownBP/Character/ItemSwordUpdated1.uasset" 39
"../../../Descend04/Content/TopDownBP/Character/Sword.uasset" 40
"../../../Descend04/Content/Blueprints/HUD.uasset" 41
"../../../Descend04/Content/TopDownBP/Blueprints/TopDownCharacter.uasset" 42
"../../../Descend04/Content/Blueprints/EnemyAttackBox.uasset" 43
"../../../Descend04/Content/AIController1.uasset" 44
"../../../Descend04/Content/AI_Character.uasset" 45
"../../../Descend04/Content/TopDownBP/Character/CharacterBase_PhysicsAsset.uasset" 46
"../../../Descend04/Content/TopDownBP/Character/CharacterBase.uasset" 47
"../../../Descend04/Content/TopDownBP/Character/CharacterBase_Skeleton.uasset" 48
"../../../Descend04/Content/TopDownBP/Character/Player_Animation_Attack1.uasset" 49
"../../../Descend04/Content/TopDownBP/Character/Player_Animation_death.uasset" 50
"../../../Descend04/Content/TopDownBP/Character/Player_Animation_Dodge.uasset" 51
"../../../Descend04/Content/TopDownBP/Character/Player_Animation_Idle.uasset" 52
"../../../Descend04/Content/TopDownBP/Character/Player_Animation_Movement.uasset" 53
"../../../Descend04/Content/TopDownBP/Character/Idle_Walk.uasset" 54
"../../../Descend04/Content/TopDownBP/Blueprints/TopDownController.uasset" 55
"../../../Descend04/Content/TopDownBP/Character/CharecterAnimBP.uasset" 56
"../../../Descend04/Content/TopDownBP/HostileNPC/EnemyBase_Skeleton.uasset" 57
"../../../Descend04/Content/TopDownBP/HostileNPC/Enemy_Animation_Attack1.uasset" 58
"../../../Descend04/Content/TopDownBP/HostileNPC/Enemy_Animation_Death.uasset" 59
"../../../Descend04/Content/TopDownBP/HostileNPC/Enemy_Animation_Movement.uasset" 60
"../../../Descend04/Content/TopDownBP/HostileNPC/EnemyAnimBP.uasset" 61
"../../../Engine/Content/EngineSky/C_Sky_Cloud_Color.uasset" 62
"../../../Engine/Content/EngineSky/C_Sky_Horizon_Color.uasset" 63
"../../../Engine/Content/EngineSky/C_Sky_Zenith_Color.uasset" 64
"../../../Engine/Content/EngineSky/T_Sky_Blue.uasset" 65
"../../../Engine/Content/EngineSky/T_Sky_Clouds_M.uasset" 66
"../../../Engine/Content/EngineSky/T_Sky_Stars.uasset" 67
"../../../Engine/Content/EngineSky/SM_SkySphere.uasset" 68
"../../../Engine/Content/EngineSky/M_Sky_Panning_Clouds2.uasset" 69
"../../../Engine/Content/EngineSky/BP_Sky_Sphere.uasset" 70
"../../../Descend04/Content/TopDownBP/Blueprints/TopDownGameMode.uasset" 71
"../../../Engine/Content/EngineFonts/RobotoDistanceField.uasset" 72
"../../../Engine/Content/Functions/Engine_MaterialFunctions03/Procedurals/ComputeFilterWidth.uasset" 73
"../../../Engine/Content/EngineMaterials/AntiAliasedTextMaterialTranslucent.uasset" 74
"../../../Descend04/Content/Geometry/Meshes/CubeMaterial.uasset" 75
"../../../Descend04/Content/Geometry/Meshes/1M_Cube.uasset" 76
"../../../Descend04/Content/Geometry/Meshes/1M_Cube_Chamfer.uasset" 77
"../../../Descend04/Content/TopDownBP/HostileNPC/lambert4.uasset" 78
"../../../Descend04/Content/TopDownBP/HostileNPC/EnemyBase_PhysicsAsset.uasset" 79
"../../../Descend04/Content/TopDownBP/HostileNPC/EnemyBase.uasset" 80
"../../../Descend04/Content/TopDownBP/Maps/TopDownExampleMap.umap" 81
"../../../Descend04/Content/StarterContent/Audio/Fire01.uasset" 82
"../../../Descend04/Content/StarterContent/Audio/Fire01_Cue.uasset" 83
"../../../Descend04/Content/StarterContent/Textures/T_Fire_SubUV.uasset" 84
"../../../Descend04/Content/StarterContent/Textures/T_Fire_Tiled_D.uasset" 85
"../../../Descend04/Content/StarterContent/Particles/Materials/M_Fire_SubUV.uasset" 86
"../../../Descend04/Content/StarterContent/Textures/T_Water_N.uasset" 87
"../../../Descend04/Content/StarterContent/Particles/Materials/M_Heat_Distortion.uasset" 88
"../../../Engine/Content/Functions/Engine_MaterialFunctions01/Gradient/RadialGradient.uasset" 89
"../../../Descend04/Content/StarterContent/Particles/Materials/M_Radial_Gradient.uasset" 90
"../../../Descend04/Content/StarterContent/Textures/T_Smoke_SubUV.uasset" 91
"../../../Descend04/Content/StarterContent/Textures/T_Smoke_Tiled_D.uasset" 92
"../../../Descend04/Content/StarterContent/Particles/Materials/M_smoke_subUV.uasset" 93
"../../../Descend04/Content/StarterContent/Particles/P_Fire.uasset" 94
"../../../Descend04/Content/StarterContent/Blueprints/Blueprint_Effect_Fire.uasset" 95
"../../../Descend04/Content/StarterContent/Audio/Smoke01.uasset" 96
"../../../Descend04/Content/StarterContent/Audio/Smoke01_Cue.uasset" 97
"../../../Descend04/Content/StarterContent/Particles/P_Smoke.uasset" 98
"../../../Descend04/Content/StarterContent/Blueprints/Blueprint_Effect_Smoke.uasset" 99
"../../../Descend04/Content/StarterContent/Audio/Fire_Sparks01.uasset" 100
"../../../Descend04/Content/StarterContent/Audio/Fire_Sparks01_Cue.uasset" 101
"../../../Descend04/Content/StarterContent/Textures/T_Spark_Core.uasset" 102
"../../../Descend04/Content/StarterContent/Particles/Materials/M_Spark.uasset" 103
"../../../Descend04/Content/StarterContent/Particles/P_Sparks.uasset" 104
"../../../Descend04/Content/StarterContent/Blueprints/Blueprint_Effect_Sparks.uasset" 105
"../../../Descend04/Content/StarterContent/Audio/Steam01.uasset" 106
"../../../Descend04/Content/StarterContent/Audio/Steam01_Cue.uasset" 107
"../../../Descend04/Content/StarterContent/Particles/P_Steam_Lit.uasset" 108
"../../../Descend04/Content/StarterContent/Blueprints/Blueprint_Effect_Steam.uasset" 109
"../../../Descend04/Content/StarterContent/Textures/T_Lamp_M.uasset" 110
"../../../Descend04/Content/StarterContent/Textures/T_Lamp_N.uasset" 111
"../../../Descend04/Content/StarterContent/Props/Materials/M_Lamp.uasset" 112
"../../../Descend04/Content/StarterContent/Props/SM_Lamp_Ceiling.uasset" 113
"../../../Descend04/Content/StarterContent/Blueprints/Blueprint_CeilingLight.uasset" 114
"../../../Descend04/Content/StarterContent/Props/SM_Lamp_Wall.uasset" 115
"../../../Descend04/Content/StarterContent/Blueprints/Blueprint_WallSconce.uasset" 116
"../../../Descend04/Content/StarterContent/Textures/T_Brick_Clay_Beveled_D.uasset" 117
"../../../Descend04/Content/StarterContent/Textures/T_Brick_Clay_Beveled_M.uasset" 118
"../../../Descend04/Content/StarterContent/Textures/T_Brick_Clay_Beveled_N.uasset" 119
"../../../Descend04/Content/StarterContent/Textures/T_MacroVariation.uasset" 120
"../../../Descend04/Content/StarterContent/Materials/M_Brick_Clay_Beveled.uasset" 121
"../../../Descend04/Content/StarterContent/Textures/T_Brick_Clay_New_D.uasset" 122
"../../../Descend04/Content/StarterContent/Textures/T_Brick_Clay_New_M.uasset" 123
"../../../Descend04/Content/StarterContent/Textures/T_Brick_Clay_New_N.uasset" 124
"../../../Descend04/Content/StarterContent/Textures/T_Detail_Rocky_N.uasset" 125
"../../../Descend04/Content/StarterContent/Materials/M_Brick_Clay_New.uasset" 126
"../../../Descend04/Content/StarterContent/Textures/T_Brick_Clay_Old_D.uasset" 127
"../../../Descend04/Content/StarterContent/Textures/T_Brick_Clay_Old_N.uasset" 128
"../../../Descend04/Content/StarterContent/Textures/T_Perlin_Noise_M.uasset" 129
"../../../Descend04/Content/StarterContent/Materials/M_Brick_Clay_Old.uasset" 130
"../../../Descend04/Content/StarterContent/Textures/T_Brick_Cut_Stone_D.uasset" 131
"../../../Descend04/Content/StarterContent/Textures/T_Brick_Cut_Stone_N.uasset" 132
"../../../Descend04/Content/StarterContent/Materials/M_Brick_Cut_Stone.uasset" 133
"../../../Descend04/Content/StarterContent/Textures/T_Brick_Hewn_Stone_D.uasset" 134
"../../../Descend04/Content/StarterContent/Textures/T_Brick_Hewn_Stone_M.uasset" 135
"../../../Descend04/Content/StarterContent/Textures/T_Brick_Hewn_Stone_N.uasset" 136
"../../../Descend04/Content/StarterContent/Materials/M_Brick_Hewn_Stone.uasset" 137
"../../../Descend04/Content/StarterContent/Textures/T_Ceramic_Tile_M.uasset" 138
"../../../Descend04/Content/StarterContent/Textures/T_Ceramic_Tile_N.uasset" 139
"../../../Descend04/Content/StarterContent/Textures/T_Rock_Marble_Polished_D.uasset" 140
"../../../Descend04/Content/StarterContent/Materials/M_Ceramic_Tile_Checker.uasset" 141
"../../../Descend04/Content/StarterContent/Textures/T_CobbleStone_Pebble_D.uasset" 142
"../../../Descend04/Content/StarterContent/Textures/T_CobbleStone_Pebble_M.uasset" 143
"../../../Descend04/Content/StarterContent/Textures/T_CobbleStone_Pebble_N.uasset" 144
"../../../Descend04/Content/StarterContent/Materials/M_CobbleStone_Pebble.uasset" 145
"../../../Descend04/Content/StarterContent/Textures/T_CobbleStone_Rough_D.uasset" 146
"../../../Descend04/Content/StarterContent/Textures/T_CobbleStone_Rough_N.uasset" 147
"../../../Descend04/Content/StarterContent/Textures/T_Gradinet_01.uasset" 148
"../../../Descend04/Content/StarterContent/Textures/T_Rock_Smooth_Granite_D.uasset" 149
"../../../Descend04/Content/StarterContent/Materials/M_CobbleStone_Rough.uasset" 150
"../../../Descend04/Content/StarterContent/Textures/T_CobbleStone_Smooth_D.uasset" 151
"../../../Descend04/Content/StarterContent/Textures/T_CobbleStone_Smooth_M.uasset" 152
"../../../Descend04/Content/StarterContent/Textures/T_CobbleStone_Smooth_N.uasset" 153
"../../../Descend04/Content/StarterContent/Materials/M_CobbleStone_Smooth.uasset" 154
"../../../Descend04/Content/StarterContent/Textures/T_Concrete_Grime_D.uasset" 155
"../../../Descend04/Content/StarterContent/Textures/T_Metal_Rust_N.uasset" 156
"../../../Descend04/Content/StarterContent/Materials/M_Concrete_Grime.uasset" 157
"../../../Descend04/Content/StarterContent/Textures/T_Concrete_Panels_D.uasset" 158
"../../../Descend04/Content/StarterContent/Textures/T_Concrete_Panels_N.uasset" 159
"../../../Descend04/Content/StarterContent/Materials/M_Concrete_Panels.uasset" 160
"../../../Descend04/Content/StarterContent/Textures/T_Concrete_Poured_D.uasset" 161
"../../../Descend04/Content/StarterContent/Textures/T_Concrete_Poured_N.uasset" 162
"../../../Descend04/Content/StarterContent/Materials/M_Concrete_Poured.uasset" 163
"../../../Descend04/Content/StarterContent/Textures/T_Concrete_Tiles_D.uasset" 164
"../../../Descend04/Content/StarterContent/Textures/T_Concrete_Tiles_M.uasset" 165
"../../../Descend04/Content/StarterContent/Textures/T_Concrete_Tiles_N.uasset" 166
"../../../Descend04/Content/StarterContent/Textures/T_Concrete_Tiles_Variation_M.uasset" 167
"../../../Descend04/Content/StarterContent/Materials/M_Concrete_Tiles.uasset" 168
"../../../Descend04/Content/StarterContent/Textures/T_Ground_Grass_D.uasset" 169
"../../../Descend04/Content/StarterContent/Textures/T_Ground_Grass_N.uasset" 170
"../../../Descend04/Content/StarterContent/Materials/M_Ground_Grass.uasset" 171
"../../../Descend04/Content/StarterContent/Textures/T_Ground_Gravel_D.uasset" 172
"../../../Descend04/Content/StarterContent/Textures/T_Ground_Gravel_N.uasset" 173
"../../../Descend04/Content/StarterContent/Materials/M_Ground_Gravel.uasset" 174
"../../../Descend04/Content/StarterContent/Textures/T_ground_Moss_D.uasset" 175
"../../../Descend04/Content/StarterContent/Textures/T_Ground_Moss_N.uasset" 176
"../../../Descend04/Content/StarterContent/Materials/M_Ground_Moss.uasset" 177
"../../../Descend04/Content/StarterContent/Materials/M_Metal_Brushed_Nickel.uasset" 178
"../../../Descend04/Content/StarterContent/Textures/T_Metal_Aluminum_D.uasset" 179
"../../../Descend04/Content/StarterContent/Textures/T_Metal_Gold_N.uasset" 180
"../../../Descend04/Content/StarterContent/Materials/M_Metal_Burnished_Steel.uasset" 181
"../../../Descend04/Content/StarterContent/Materials/M_Metal_Chrome.uasset" 182
"../../../Descend04/Content/StarterContent/Textures/T_Metal_Copper_D.uasset" 183
"../../../Descend04/Content/StarterContent/Materials/M_Metal_Copper.uasset" 184
"../../../Descend04/Content/StarterContent/Textures/T_Metal_Gold_D.uasset" 185
"../../../Descend04/Content/StarterContent/Materials/M_Metal_Gold.uasset" 186
"../../../Descend04/Content/StarterContent/Textures/T_Metal_Rust_D.uasset" 187
"../../../Descend04/Content/StarterContent/Materials/M_Metal_Rust.uasset" 188
"../../../Descend04/Content/StarterContent/Textures/T_Metal_Steel_D.uasset" 189
"../../../Descend04/Content/StarterContent/Textures/T_Metal_Steel_N.uasset" 190
"../../../Descend04/Content/StarterContent/Materials/M_Metal_Steel.uasset" 191
"../../../Descend04/Content/StarterContent/Textures/T_Rock_Basalt_D.uasset" 192
"../../../Descend04/Content/StarterContent/Textures/T_Rock_Basalt_N.uasset" 193
"../../../Descend04/Content/StarterContent/Materials/M_Rock_Basalt.uasset" 194
"../../../Descend04/Content/StarterContent/Materials/M_Rock_Marble_Polished.uasset" 195
"../../../Descend04/Content/StarterContent/Textures/T_Rock_Sandstone_D.uasset" 196
"../../../Descend04/Content/StarterContent/Textures/T_Rock_Sandstone_N.uasset" 197
"../../../Descend04/Content/StarterContent/Materials/M_Rock_Sandstone.uasset" 198
"../../../Descend04/Content/StarterContent/Textures/T_Rock_Slate_D.uasset" 199
"../../../Descend04/Content/StarterContent/Textures/T_Rock_Slate_N.uasset" 200
"../../../Descend04/Content/StarterContent/Materials/M_Rock_Slate.uasset" 201
"../../../Descend04/Content/StarterContent/Textures/T_Checker_Noise_M.uasset" 202
"../../../Descend04/Content/StarterContent/Textures/T_Single_Tile_N.uasset" 203
"../../../Descend04/Content/StarterContent/Textures/T_Tech_Dot_M.uasset" 204
"../../../Descend04/Content/StarterContent/Textures/T_Tech_Dot_N.uasset" 205
"../../../Descend04/Content/StarterContent/Materials/M_Tech_Checker_Dot.uasset" 206
"../../../Descend04/Content/StarterContent/Textures/T_Tech_Hex_Tile_M.uasset" 207
"../../../Descend04/Content/StarterContent/Textures/T_Tech_Hex_Tile_N.uasset" 208
"../../../Descend04/Content/StarterContent/Materials/M_Tech_Hex_Tile.uasset" 209
"../../../Descend04/Content/StarterContent/Materials/M_Tech_Hex_Tile_Pulse.uasset" 210
"../../../Descend04/Content/StarterContent/Textures/T_Tech_Panel_M.uasset" 211
"../../../Descend04/Content/StarterContent/Textures/T_Tech_Panel_N.uasset" 212
"../../../Descend04/Content/StarterContent/Materials/M_Tech_Panel.uasset" 213
"../../../Descend04/Content/StarterContent/Materials/M_Water_Lake.uasset" 214
"../../../Descend04/Content/StarterContent/Textures/T_Water_M.uasset" 215
"../../../Descend04/Content/StarterContent/Materials/M_Water_Ocean.uasset" 216
"../../../Descend04/Content/StarterContent/Textures/T_Wood_Floor_Walnut_D.uasset" 217
"../../../Descend04/Content/StarterContent/Textures/T_Wood_Floor_Walnut_M.uasset" 218
"../../../Descend04/Content/StarterContent/Textures/T_Wood_Floor_Walnut_N.uasset" 219
"../../../Descend04/Content/StarterContent/Materials/M_Wood_Floor_Walnut_Polished.uasset" 220
"../../../Engine/Content/Functions/Engine_MaterialFunctions01/Opacity/AlphaOffset.uasset" 221
"../../../Descend04/Content/StarterContent/Materials/M_Wood_Floor_Walnut_Worn.uasset" 222
"../../../Descend04/Content/StarterContent/Textures/T_Wood_Oak_D.uasset" 223
"../../../Descend04/Content/StarterContent/Textures/T_Wood_Oak_N.uasset" 224
"../../../Descend04/Content/StarterContent/Materials/M_Wood_Oak.uasset" 225
"../../../Descend04/Content/StarterContent/Textures/T_Wood_Pine_D.uasset" 226
"../../../Descend04/Content/StarterContent/Textures/T_Wood_Pine_N.uasset" 227
"../../../Descend04/Content/StarterContent/Materials/M_Wood_Pine.uasset" 228
"../../../Descend04/Content/StarterContent/Textures/T_Wood_Walnut_D.uasset" 229
"../../../Descend04/Content/StarterContent/Textures/T_Wood_Walnut_N.uasset" 230
"../../../Descend04/Content/StarterContent/Materials/M_Wood_Walnut.uasset" 231
"../../../Descend04/Content/StarterContent/Textures/T_Chair_M.uasset" 232
"../../../Descend04/Content/StarterContent/Textures/T_Chair_N.uasset" 233
"../../../Descend04/Content/StarterContent/Props/Materials/M_Chair.uasset" 234
"../../../Descend04/Content/StarterContent/Materials/M_Basic_Floor.uasset" 235
"../../../Descend04/Content/StarterContent/Architecture/Floor_400x400.uasset" 236
"../../../Descend04/Content/StarterContent/Materials/M_Basic_Wall.uasset" 237
"../../../Descend04/Content/StarterContent/Architecture/Wall_400x200.uasset" 238
"../../../Descend04/Content/StarterContent/Architecture/Wall_Door_400x300.uasset" 239
"../../../Descend04/Content/StarterContent/Architecture/Wall_Window_400x300.uasset" 240
"../../../Descend04/Content/StarterContent/Audio/Collapse01.uasset" 241
"../../../Descend04/Content/StarterContent/Audio/Collapse02.uasset" 242
"../../../Descend04/Content/StarterContent/Audio/Collapse_Cue.uasset" 243
"../../../Descend04/Content/StarterContent/Audio/Starter_Birds01.uasset" 244
"../../../Descend04/Content/StarterContent/Audio/Starter_Wind05.uasset" 245
"../../../Descend04/Content/StarterContent/Audio/Starter_Wind06.uasset" 246
"../../../Descend04/Content/StarterContent/Audio/Starter_Background_Cue.uasset" 247
"../../../Descend04/Content/StarterContent/Audio/Starter_Music01.uasset" 248
"../../../Descend04/Content/StarterContent/Audio/Starter_Music_Cue.uasset" 249
"../../../Descend04/Content/StarterContent/Textures/T_Dust_Particle_D.uasset" 250
"../../../Descend04/Content/StarterContent/Particles/Materials/M_Dust_Particle.uasset" 251
"../../../Descend04/Content/StarterContent/Particles/P_Ambient_Dust.uasset" 252
"../../../Descend04/Content/StarterContent/Props/MaterialSphere.uasset" 253
"../../../Descend04/Content/StarterContent/Props/SM_Chair.uasset" 254
"../../../Descend04/Content/StarterContent/Textures/T_Frame_M.uasset" 255
"../../../Descend04/Content/StarterContent/Textures/T_Frame_N.uasset" 256
"../../../Descend04/Content/StarterContent/Props/Materials/M_Frame.uasset" 257
"../../../Descend04/Content/StarterContent/Props/SM_CornerFrame.uasset" 258
"../../../Descend04/Content/StarterContent/Props/SM_DoorFrame.uasset" 259
"../../../Descend04/Content/StarterContent/Materials/M_Glass.uasset" 260
"../../../Descend04/Content/StarterContent/Props/SM_GlassWindow.uasset" 261
"../../../Descend04/Content/StarterContent/Props/SM_PillarFrame.uasset" 262
"../../../Descend04/Content/StarterContent/Props/SM_PillarFrame300.uasset" 263
"../../../Descend04/Content/StarterContent/Textures/T_Statue_M.uasset" 264
"../../../Descend04/Content/StarterContent/Textures/T_Statue_N.uasset" 265
"../../../Descend04/Content/StarterContent/Props/Materials/M_Statue.uasset" 266
"../../../Descend04/Content/StarterContent/Props/Materials/M_StatueGlass.uasset" 267
"../../../Descend04/Content/StarterContent/Props/SM_Statue.uasset" 268
"../../../Descend04/Content/StarterContent/Textures/T_TableRound_M.uasset" 269
"../../../Descend04/Content/StarterContent/Textures/T_TableRound_N.uasset" 270
"../../../Descend04/Content/StarterContent/Props/Materials/M_TableRound.uasset" 271
"../../../Descend04/Content/StarterContent/Props/SM_TableRound.uasset" 272
"../../../Descend04/Content/StarterContent/Props/SM_WindowFrame.uasset" 273
"../../../Descend04/Content/StarterContent/Shapes/Shape_Cube.uasset" 274
"../../../Descend04/Content/StarterContent/Shapes/Shape_QuadPyramid.uasset" 275
"../../../Descend04/Content/StarterContent/Shapes/Shape_Sphere.uasset" 276
"../../../Descend04/Content/StarterContent/Maps/StarterMap.umap" 277
"../../../Engine/Content/EngineMaterials/DefaultMaterial.uasset" 278
"../../../Engine/Content/EngineMaterials/DefaultDiffuse.uasset" 279
"../../../Engine/Content/EngineMaterials/DefaultNormal.uasset" 280
"../../../Engine/Content/Maps/Entry.umap" 281
"../../../Descend04/Content/TestLevel.umap" 282
"../../../Descend04/Content/StarterContent/Blueprints/Assets/FogBrightnessLUT.uasset" 283
"../../../Descend04/Content/StarterContent/Blueprints/Assets/SunlightColorLUT.uasset" 284
"../../../Descend04/Content/StarterContent/Blueprints/Assets/M_LightStage_Arrows.uasset" 285
"../../../Engine/Content/MapTemplates/Sky/DaylightAmbientCubemap.uasset" 286
"../../../Descend04/Content/StarterContent/Blueprints/Assets/M_LightStage_Skybox_Master.uasset" 287
"../../../Descend04/Content/StarterContent/Blueprints/Assets/M_LightStage_Skybox_Black.uasset" 288
"../../../Descend04/Content/StarterContent/Blueprints/Assets/M_LightStage_Skybox_HDRI.uasset" 289
"../../../Engine/Content/EditorMaterials/Thumbnails/SkySphereMaterial.uasset" 290
"../../../Descend04/Content/StarterContent/Blueprints/Assets/Skybox.uasset" 291
"../../../Descend04/Content/StarterContent/Blueprints/Assets/SM_Arrows.uasset" 292
"../../../Descend04/Content/StarterContent/HDRI/HDRI_Epic_Courtyard_Daylight.uasset" 293
"../../../Descend04/Content/StarterContent/Blueprints/BP_LightStudio.uasset" 294
"../../../Descend04/Content/StarterContent/Materials/M_AssetPlatform.uasset" 295
"../../../Engine/Content/EditorMeshes/ColorCalibrator/M_ChromeBall.uasset" 296
"../../../Engine/Content/EditorMeshes/ColorCalibrator/M_ClearCoat.uasset" 297
"../../../Engine/Content/EditorMeshes/ColorCalibrator/M_ClearCoatBlack.uasset" 298
"../../../Engine/Content/EditorMeshes/ColorCalibrator/T_ColorGrid.uasset" 299
"../../../Engine/Content/EditorMeshes/ColorCalibrator/M_ColorGrid.uasset" 300
"../../../Engine/Content/EditorMeshes/ColorCalibrator/M_GreyBall.uasset" 301
"../../../Engine/Content/EditorMeshes/ColorCalibrator/SM_ColorCalibrator.uasset" 302
"../../../Descend04/Content/StarterContent/Architecture/SM_AssetPlatform.uasset" 303
"../../../Descend04/Content/StarterContent/Maps/Advanced_Lighting.umap" 304
"../../../Descend04/Content/StarterContent/Maps/Minimal_Default.umap" 305
"../../../Engine/Content/EngineFonts/Roboto.uasset" 306
"../../../Engine/Content/Functions/Engine_MaterialFunctions01/Shading/PowerToRoughness.uasset" 307
"../../../Engine/Content/Functions/Engine_MaterialFunctions01/Shading/ConvertFromDiffSpec.uasset" 308
"../../../Engine/Content/EngineMaterials/DefaultDeferredDecalMaterial.uasset" 309
"../../../Engine/Content/EngineMaterials/DefaultLightFunctionMaterial.uasset" 310
"../../../Engine/Content/Functions/Engine_MaterialFunctions02/Utility/BreakOutFloat2Components.uasset" 311
"../../../Engine/Content/EngineMaterials/DefaultPostProcessMaterial.uasset" 312
"../../../Engine/Content/EngineResources/DefaultTexture.uasset" 313
"../../../Engine/Content/Functions/Engine_MaterialFunctions02/Texturing/ScreenAlignedUVs.uasset" 314
"../../../Engine/Content/EngineResources/WhiteSquareTexture.uasset" 315
"../../../Engine/Content/EngineMaterials/Widget3DPassThrough.uasset" 316
"../../../Engine/Content/EngineMaterials/Widget3DPassThrough_Translucent.uasset" 317
"../../../Engine/Content/EngineMaterials/Widget3DPassThrough_Translucent_OneSided.uasset" 318
"../../../Engine/Content/EngineMaterials/Widget3DPassThrough_Opaque.uasset" 319
"../../../Engine/Content/EngineMaterials/Widget3DPassThrough_Opaque_OneSided.uasset" 320
"../../../Engine/Content/EngineMaterials/Widget3DPassThrough_Masked.uasset" 321
"../../../Engine/Content/EngineMaterials/Widget3DPassThrough_Masked_OneSided.uasset" 322
"../../../Engine/Content/EditorResources/S_Actor.uasset" 323
"../../../Engine/Content/Maps/Templates/Thumbnails/Default.uasset" 324
"../../../Engine/Content/EditorMaterials/ParticleSystems/PSysThumbnail_NoImage.uasset" 325
"../../../Engine/Content/EditorMaterials/ParticleSystems/PSysThumbnail_OOD.uasset" 326
"../../../Engine/Content/EditorLandscapeResources/DataLayer.uasset" 327
"../../../Engine/Content/EngineDamageTypes/DmgTypeBP_Environmental.uasset" 328
"../../../Engine/Content/EngineMeshes/Sphere.uasset" 329
"../../../Engine/Content/EngineMaterials/DefaultTextMaterialOpaque.uasset" 330
"../../../Engine/Content/EditorResources/S_Trigger.uasset" 331
"../../../Engine/Content/EngineResources/GradientTexture0.uasset" 332
"../../../Engine/Content/EngineResources/Black.uasset" 333
"../../../Engine/Content/EditorMaterials/MatineeGroups/MAT_Groups_Float.uasset" 334
"../../../Engine/Content/EditorMaterials/MatineeGroups/MAT_Groups_Director.uasset" 335
"../../../Engine/Content/EditorMaterials/MatineeGroups/MAT_Groups_Event.uasset" 336
"../../../Engine/Content/EditorMaterials/MatineeGroups/MAT_Groups_Anim.uasset" 337
"../../../Engine/Content/EditorMaterials/MatineeGroups/MAT_Groups_Fade.uasset" 338
"../../../Engine/Content/EditorMaterials/MatineeGroups/MAT_Groups_Move.uasset" 339
"../../../Engine/Content/EditorMaterials/MatineeGroups/MAT_Groups_Slomo.uasset" 340
"../../../Engine/Content/EditorMaterials/MatineeGroups/MAT_ColorTrack.uasset" 341
"../../../Engine/Content/EditorMaterials/MAT_Groups_Toggle.uasset" 342
"../../../Engine/Content/EditorMaterials/MatineeGroups/MAT_Groups_AudioMaster.uasset" 343
"../../../Engine/Content/EditorMaterials/MatineeGroups/MAT_Groups_Sound.uasset" 344
"../../../Engine/Content/EditorMaterials/MatineeGroups/MAT_Groups_Vector.uasset" 345
"../../../Engine/Content/EditorMaterials/MAT_Groups_Visibility.uasset" 346
"../../../Engine/Content/EngineResources/DefaultTextureCube.uasset" 347
"../../../Engine/Content/EngineMeshes/Cylinder.uasset" 348
"../../../Engine/Content/EngineTireTypes/DefaultTireType.uasset" 349
"../../../Engine/Content/EngineResources/AICON-Red.uasset" 350
"../../../Engine/Content/EngineResources/AICON-Green.uasset" 351
"../../../Engine/Content/Tutorial/Basics/TutorialAssets/icon_tab_Levels_40x.uasset" 352
"../../../Engine/Content/Tutorial/Basics/LevelEditorOverview.uasset" 353
"../../../Engine/Content/Tutorial/Basics/FeaturePacks.uasset" 354
"../../../Engine/Content/Tutorial/Basics/LevelEditorAttract.uasset" 355
"../../../Engine/Content/Tutorial/BlueprintTutorials/TutorialAssets/Blueprint_64x.uasset" 356
"../../../Engine/Content/Tutorial/InWorldBlueprintEditing/IWBE_Tutorial_Part3.uasset" 357
"../../../Engine/Content/Tutorial/InWorldBlueprintEditing/IWBE_Tutorial_Part2.uasset" 358
"../../../Engine/Content/Tutorial/InWorldBlueprintEditing/IWBE_Tutorial.uasset" 359
"../../../Engine/Content/Tutorial/InWorldBlueprintEditing/TutorialAssets/IWBE_Bridge1.uasset" 360
"../../../Engine/Content/Tutorial/BlueprintTutorials/BlueprintEditorTutorial.uasset" 361
"../../../Engine/Content/EngineMeshes/Cube.uasset" 362
"../../../Engine/Content/Tutorial/SubEditors/StaticMeshEditorTutorial.uasset" 363
"../../../Engine/Content/Tutorial/ContentIntroCurve.uasset" 364
"../../../Engine/Plugins/2D/Paper2D/Content/PlaceholderTextures/DummySpriteTexture.uasset" 365
"../../../Engine/Plugins/2D/Paper2D/Content/DefaultSpriteMaterial.uasset" 366
"../../../Engine/Plugins/2D/Paper2D/Content/MaskedUnlitSpriteMaterial.uasset" 367
"../../../Engine/Plugins/2D/Paper2D/Content/OpaqueUnlitSpriteMaterial.uasset" 368
"../../../Engine/Plugins/2D/Paper2D/Content/DummySpriteTexture.uasset" 369
"../../../Engine/Plugins/2D/Paper2D/Content/DummySprite.uasset" 370
"../../../Engine/Plugins/2D/Paper2D/Content/DefaultPaperTerrainMaterial.uasset" 371
"../../../Engine/Plugins/Runtime/LeapMotionController/Content/LM_CapsuleMesh.uasset" 372
"../../../Engine/Plugins/Runtime/LeapMotionController/Content/LM_TorusMesh.uasset" 373
"../../../Engine/Plugins/Runtime/LeapMotionController/Content/LM_HandColor.uasset" 374
"../../../Engine/Plugins/Runtime/LeapMotionController/Content/LM_SampleDistortion.uasset" 375
"../../../Engine/Plugins/Runtime/LeapMotionController/Content/LM_TestTexture.uasset" 376
"../../../Engine/Plugins/Runtime/LeapMotionController/Content/LM_PassthroughMaterial.uasset" 377
"../../../Engine/Content/EngineMaterials/RemoveSurfaceMaterial.uasset" 378
"../../../Engine/Content/EngineDebugMaterials/DebugMeshMaterial.uasset" 379
"../../../Engine/Content/EngineMaterials/InvalidLightmapSettings.uasset" 380
"../../../Engine/Content/EngineMaterials/M_InvalidLightmapSettings.uasset" 381
"../../../Engine/Content/EditorMaterials/GizmoMaterial.uasset" 382
"../../../Engine/Content/EngineMaterials/Good64x64TilingNoiseHighFreq.uasset" 383
"../../../Engine/Content/EngineMaterials/DefaultBokeh.uasset" 384
"../../../Engine/Content/EngineMaterials/PreintegratedSkinBRDF.uasset" 385
"../../../Engine/Content/EngineMaterials/MiniFont.uasset" 386
"../../../Engine/Content/EngineMaterials/WeightMapPlaceholderTexture.uasset" 387
"../../../Engine/Content/EngineMaterials/DefaultWhiteGrid.uasset" 388
"../../../Engine/Content/EngineMaterials/DefaultPhysicalMaterial.uasset" 389
"../../../Engine/Content/EngineFonts/RobotoTiny.uasset" 390
"../../../Engine/Content/MobileResources/HUD/MobileHUDDirectionPad2.uasset" 391
"../../../Engine/Content/EditorResources/AudioIcons/S_AudioComponent_AutoActivate.uasset" 392
"../../../Descend04/Content/TopDownBP/Level/Door_Albedo.uasset" 393
"../../../Descend04/Content/TopDownBP/Level/Door_Normal.uasset" 394
"../../../Descend04/Content/TopDownBP/Level/Door_LongMat.uasset" 395
"../../../Descend04/Content/TopDownBP/Level/Door_Long.uasset" 396
"../../../Descend04/Content/TopDownBP/Level/Door_ShortMat.uasset" 397
"../../../Descend04/Content/TopDownBP/Level/Door_Short.uasset" 398
"../../../Descend04/Content/TopDownBP/Level/Door_Short_V6.uasset" 399
"../../../Descend04/Content/TopDownBP/Level/Floor_Albedo.uasset" 400
"../../../Descend04/Content/TopDownBP/Level/Floor_Normal.uasset" 401
"../../../Descend04/Content/TopDownBP/Level/FloorMat.uasset" 402
"../../../Descend04/Content/TopDownBP/Level/Floor.uasset" 403
"../../../Descend04/Content/TopDownBP/Level/Wall_Albedo.uasset" 404
"../../../Descend04/Content/TopDownBP/Level/Wall_Normal.uasset" 405
"../../../Descend04/Content/TopDownBP/Level/Wall_ShortMat.uasset" 406
"../../../Descend04/Content/TopDownBP/Level/Wall_Short.uasset" 407
"../../../Descend04/Content/TopDownBP/Level/Wall_Short_V6.uasset" 408
"../../../Engine/Content/EditorResources/LightIcons/S_LightError.uasset" 409
"../../../Engine/Content/EditorResources/EmptyActor.uasset" 410
"../../../Engine/Content/MobileResources/HUD/MobileHUDDirectionPad3.uasset" 411
"../../../Engine/Content/MobileResources/HUD/T_Castle_ThumbstickOutter.uasset" 412
"../../../Descend04/Content/StarterContent/Architecture/Pillar_50x500.uasset" 413
"../../../Descend04/Content/StarterContent/Architecture/Wall_400x300.uasset" 414
"../../../Descend04/Content/StarterContent/Architecture/Wall_400x400.uasset" 415
"../../../Descend04/Content/StarterContent/Architecture/Wall_500x500.uasset" 416
"../../../Descend04/Content/TopDownBP/Level/Wall_Long.uasset" 417
"../../../Engine/Content/MobileResources/HUD/MobileHUDButton2_on.uasset" 418
"../../../Descend04/Content/TopDownBP/Level/Door_Long_V6.uasset" 419
"../../../Descend04/Content/TopDownBP/Level/Corner_Albedo.uasset" 420
"../../../Descend04/Content/TopDownBP/Level/Corner_1Mat.uasset" 421
"../../../Descend04/Content/TopDownBP/Level/Corner_2.uasset" 422
"../../../Descend04/Content/TopDownBP/Level/Corner_1_V6.uasset" 423
"../../../Descend04/Content/TopDownBP/Level/Corner_1.uasset" 424
"../../../Engine/Content/MobileResources/HUD/VirtualJoystick_Background.uasset" 425
"../../../Engine/Content/MobileResources/HUD/VirtualJoystick_Thumb.uasset" 426
"../../../Engine/Content/MobileResources/HUD/LeftVirtualJoystickOnly.uasset" 427
"../../../Engine/Content/MobileResources/T_MobileControls_texture.uasset" 428
"../../../Descend04/Content/StarterContent/Shapes/Shape_Cone.uasset" 429
"../../../Descend04/Content/StarterContent/Shapes/Shape_Plane.uasset" 430
"../../../Descend04/Content/StarterContent/Shapes/Shape_Pipe_90.uasset" 431
"../../../Descend04/Content/StarterContent/Shapes/Shape_Pipe_180.uasset" 432
"../../../Descend04/Content/StarterContent/Shapes/Shape_Pipe.uasset" 433
"../../../Descend04/Content/StarterContent/Shapes/Shape_NarrowCapsule.uasset" 434
"../../../Descend04/Content/StarterContent/Shapes/Shape_Cylinder.uasset" 435
"../../../Descend04/Content/TopDownBP/Level/Wall_LongMat.uasset" 436
"../../../Descend04/Content/TopDownBP/Level/Wall_Long_V6.uasset" 437
"../../../Descend04/Content/TopDownBP/Level/Corner_2_V6.uasset" 438
"../../../Descend04/Content/StarterContent/Shapes/Shape_Wedge_A.uasset" 439
"../../../Descend04/Content/StarterContent/Shapes/Shape_Tube.uasset" 440
"../../../Descend04/Content/StarterContent/Shapes/Shape_TriPyramid.uasset" 441
"../../../Descend04/Content/StarterContent/Shapes/Shape_Trim_90_Out.uasset" 442
"../../../Descend04/Content/StarterContent/Shapes/Shape_Trim_90_In.uasset" 443
"../../../Descend04/Content/StarterContent/Shapes/Shape_Trim.uasset" 444
"../../../Descend04/Content/StarterContent/Shapes/Shape_Torus.uasset" 445
"../../../Descend04/Content/StarterContent/Shapes/Shape_Wedge_B.uasset" 446
"../../../Descend04/Content/StarterContent/Shapes/Shape_WideCapsule.uasset" 447
"../../../Engine/Content/EditorMaterials/PhAT_JointLimitMaterial.uasset" 448
"../../../Engine/Content/EditorMaterials/PreviewShadowIndicator.uasset" 449
"../../../Engine/Content/EditorMaterials/PreviewShadowIndicatorMaterial.uasset" 450
"../../../Engine/Content/EditorResources/BSPVertex.uasset" 451
"../../../Engine/Content/EditorResources/AudioIcons/S_AudioComponent.uasset" 452
"../../../Engine/Content/EngineDebugMaterials/HeatmapGradient.uasset" 453
"../../../Engine/Content/EngineDebugMaterials/BoneWeightMaterial.uasset" 454
"../../../Engine/Content/EngineDebugMaterials/GeomMaterial.uasset" 455
"../../../Engine/Content/EngineMaterials/EditorBrushMaterial.uasset" 456
"../../../Engine/Content/MobileResources/T_MobileMenu2.uasset" 457
"../../../Engine/Content/MobileResources/HUD/AnalogHat.uasset" 458
"../../../Engine/Content/MobileResources/HUD/DefaultVirtualJoysticks.uasset" 459
"../../../Engine/Content/MobileResources/HUD/MobileHUDButton1_off.uasset" 460
"../../../Engine/Content/MobileResources/HUD/MobileHUDButton1_on.uasset" 461
"../../../Engine/Content/MobileResources/HUD/MobileHUDButton2_off.uasset" 462
"../../../Engine/Content/MobileResources/HUD/MobileHUDButton3.uasset" 463
"../../../Engine/Content/MobileResources/HUD/MobileHUDButtonFire.uasset" 464
"../../../Engine/Content/MobileResources/HUD/MobileHUDDirectionPad.uasset" 465
"../../../Engine/Content/MobileResources/HUD/MobileHUDDirectionStick.uasset" 466
"../../../Engine/Content/MobileResources/HUD/T_Castle_ThumbstickInner.uasset" 467
"../../../Engine/Content/Tutorial/BlueprintTutorials/TutorialAssets/BlueprintInterface_64x.uasset" 468
"../../../Engine/Content/Tutorial/BlueprintTutorials/TutorialAssets/Tutorial_BP_Interface.uasset" 469
"../../../Engine/Content/Tutorial/BlueprintTutorials/BlueprintInterfacesEditorOverview.uasset" 470
"../../../Engine/Content/Tutorial/BlueprintTutorials/TutorialAssets/BlueprintMacroLibrary_64x.uasset" 471
"../../../Engine/Content/Tutorial/BlueprintTutorials/TutorialAssets/Tutorial_BP_MacroLib.uasset" 472
"../../../Engine/Content/Tutorial/BlueprintTutorials/BlueprintMacroLibrariesEditorOverview.uasset" 473
"../../../Engine/Content/Tutorial/BlueprintTutorials/LevelBlueprintEditorOverview.uasset" 474
"../../../Engine/Content/Tutorial/Foliage/TutorialAssets/Foliage.uasset" 475
"../../../Engine/Content/Tutorial/Foliage/Foliage_Settings_Tutorial.uasset" 476
"../../../Engine/Content/Tutorial/Foliage/Foliage_Using_The_Tool_Tutorial.uasset" 477
"../../../Engine/Content/Tutorial/Foliage/Foliage_Intro_Tutorial.uasset" 478
"../../../Engine/Content/Tutorial/Landscape/TutorialAssets/Landscape.uasset" 479
"../../../Engine/Content/Tutorial/Landscape/Landscape_Painting_Mode.uasset" 480
"../../../Engine/Content/Tutorial/Landscape/Landscape_Sculpt_Mode.uasset" 481
"../../../Engine/Content/Tutorial/Landscape/Landscape_Manage_Mode.uasset" 482
"../../../Engine/Content/Tutorial/Paper2D/TutorialAssets/Paper2DFlipbook_TutorialIcon.uasset" 483
"../../../Engine/Content/Tutorial/Paper2D/FlipbookEditorTutorial.uasset" 484
"../../../Engine/Content/Tutorial/Paper2D/TutorialAssets/Paper2DSprite_TutorialIcon.uasset" 485
"../../../Engine/Content/Tutorial/Paper2D/SpriteEditorTutorial.uasset" 486
"../../../Engine/Content/EditorMeshes/EditorCube.uasset" 487
"../../../Engine/Content/Tutorial/SubEditors/TutorialAssets/Tutorial_DM.uasset" 488
"../../../Engine/Content/Tutorial/SubEditors/DestructibleMeshEditorTutorial.uasset" 489
"../../../Engine/Content/Tutorial/SubEditors/TutorialAssets/TutorialMaterial.uasset" 490
"../../../Engine/Content/Tutorial/SubEditors/MaterialEditorTutorial.uasset" 491
"../../../Engine/Content/Tutorial/SubEditors/TutorialAssets/T_SmokeSubUV_8X8.uasset" 492
"../../../Engine/Content/Tutorial/SubEditors/TutorialAssets/T_soft_smoke.uasset" 493
"../../../Engine/Content/Tutorial/SubEditors/TutorialAssets/M_smoke_subUV_blackbody.uasset" 494
"../../../Engine/Content/Tutorial/SubEditors/TutorialAssets/TutorialParticleSystem.uasset" 495
"../../../Engine/Content/Tutorial/SubEditors/ParticleSystemEditorTutorial.uasset" 496
"../../../Engine/Content/Tutorial/SubEditors/TutorialAssets/icon_ShowSkeletalMeshes_40x.uasset" 497
"../../../Engine/Content/Tutorial/SubEditors/TutorialAssets/Character/TutorialTPP_Mat.uasset" 498
"../../../Engine/Content/Tutorial/SubEditors/TutorialAssets/Character/TutorialTPP_PhysicsAsset.uasset" 499
"../../../Engine/Content/Tutorial/SubEditors/TutorialAssets/Character/TutorialTPP.uasset" 500
"../../../Engine/Content/Tutorial/SubEditors/TutorialAssets/Character/TutorialTPP_Skeleton.uasset" 501
"../../../Engine/Content/Tutorial/SubEditors/TutorialAssets/Character/Tutorial_Idle.uasset" 502
"../../../Engine/Content/Tutorial/SubEditors/TutorialAssets/Character/Tutorial_Walk_Fwd.uasset" 503
"../../../Engine/Content/Tutorial/SubEditors/TutorialAssets/Character/NewBlendSpace1D.uasset" 504
"../../../Engine/Content/Tutorial/SubEditors/TutorialAssets/Character/TutorialCharacter.uasset" 505
"../../../Engine/Content/Tutorial/SubEditors/TutorialAssets/Character/TutorialTPP_AnimBlueprint.uasset" 506
"../../../Engine/Content/Tutorial/SubEditors/PersonaAnimBlueprintEditorWalkthrough.uasset" 507
"../../../Engine/Content/Tutorial/SubEditors/PersonaAnimEditorWalkthrough.uasset" 508
"../../../Engine/Content/Tutorial/SubEditors/TutorialAssets/icon_Editor_Preferences_General_40x.uasset" 509
"../../../Descend04/Content/FollowerBlackboard.uasset" 510
"../../../Descend04/Content/AggroCheck.uasset" 511
"../../../Descend04/Content/FollowerBT.uasset" 512
"../../../Descend04/Content/Blueprints/BlueprintCharacterTest.uasset" 513
"../../../Descend04/Content/Geometry/Meshes/TemplateFloor.uasset" 514
"../../../Descend04/Content/Mannequin/Animations/ThirdPersonJump_End.uasset" 515
"../../../Descend04/Content/StarterContent/Architecture/Wall_Door_400x400.uasset" 516
"../../../Descend04/Content/StarterContent/Architecture/Wall_Window_400x400.uasset" 517
"../../../Descend04/Content/StarterContent/Audio/Light01.uasset" 518
"../../../Descend04/Content/StarterContent/Audio/Light01_Cue.uasset" 519
"../../../Descend04/Content/StarterContent/Audio/Light02.uasset" 520
"../../../Descend04/Content/StarterContent/Audio/Light02_Cue.uasset" 521
"../../../Descend04/Content/StarterContent/Audio/Explosion01.uasset" 522
"../../../Descend04/Content/StarterContent/Audio/Explosion02.uasset" 523
"../../../Descend04/Content/StarterContent/Audio/Explosion_Cue.uasset" 524
"../../../Descend04/Content/StarterContent/Textures/T_Burst_M.uasset" 525
"../../../Descend04/Content/StarterContent/Particles/Materials/M_Burst.uasset" 526
"../../../Descend04/Content/StarterContent/Textures/T_Explosion_SubUV.uasset" 527
"../../../Descend04/Content/StarterContent/Particles/Materials/M_explosion_subUV.uasset" 528
"../../../Descend04/Content/StarterContent/Particles/Materials/m_flare_01.uasset" 529
"../../../Descend04/Content/StarterContent/Particles/Materials/M_radial_ramp.uasset" 530
"../../../Descend04/Content/StarterContent/Particles/P_Explosion.uasset" 531
"../../../Descend04/Content/StarterContent/Blueprints/Blueprint_Effect_Explosion.uasset" 532
"../../../Descend04/Content/StarterContent/Materials/M_ColorGrid_LowSpec.uasset" 533
"../../../Descend04/Content/StarterContent/Textures/T_Bush_D.uasset" 534
"../../../Descend04/Content/StarterContent/Textures/T_Bush_N.uasset" 535
"../../../Descend04/Content/StarterContent/Props/Materials/M_Bush.uasset" 536
"../../../Descend04/Content/StarterContent/Props/SM_Bush.uasset" 537
"../../../Descend04/Content/StarterContent/Props/SM_Couch.uasset" 538
"../../../Descend04/Content/StarterContent/Textures/T_Door_M.uasset" 539
"../../../Descend04/Content/StarterContent/Textures/T_Door_N.uasset" 540
"../../../Descend04/Content/StarterContent/Props/Materials/M_Door.uasset" 541
"../../../Descend04/Content/StarterContent/Props/SM_Door.uasset" 542
"../../../Descend04/Content/StarterContent/Props/Materials/M_MaterialSphere.uasset" 543
"../../../Descend04/Content/StarterContent/Props/Materials/M_MaterialSphere_Plain.uasset" 544
"../../../Descend04/Content/StarterContent/Props/SM_MatPreviewMesh_02.uasset" 545
"../../../Descend04/Content/StarterContent/Textures/T_RockMesh_M.uasset" 546
"../../../Descend04/Content/StarterContent/Textures/T_RockMesh_N.uasset" 547
"../../../Descend04/Content/StarterContent/Props/Materials/M_Rock.uasset" 548
"../../../Descend04/Content/StarterContent/Props/SM_Rock.uasset" 549
"../../../Descend04/Content/StarterContent/Textures/T_Shelf_M.uasset" 550
"../../../Descend04/Content/StarterContent/Textures/T_Shelf_N.uasset" 551
"../../../Descend04/Content/StarterContent/Props/Materials/M_Shelf.uasset" 552
"../../../Descend04/Content/StarterContent/Props/SM_Shelf.uasset" 553
"../../../Descend04/Content/StarterContent/Props/SM_Stairs.uasset" 554
"../../../Descend04/Content/TopDownBP/TopDownOverview.uasset" 555
