"C:/Users/Dennis/Documents/Unreal Projects/Descend04/Descend04.uproject" 1
"../../../Engine/Plugins/2D/Paper2D/Paper2D.uplugin" 2
"../../../Engine/Plugins/Blendables/LightPropagationVolume/LightPropagationVolume.uplugin" 3
"../../../Engine/Plugins/Developer/BlankPlugin/BlankPlugin.uplugin" 4
"../../../Engine/Plugins/Developer/CodeLiteSourceCodeAccess/CodeLiteSourceCodeAccess.uplugin" 5
"../../../Engine/Plugins/Developer/GitSourceControl/GitSourceControl.uplugin" 6
"../../../Engine/Plugins/Developer/KDevelopSourceCodeAccess/KDevelopSourceCodeAccess.uplugin" 7
"../../../Engine/Plugins/Developer/NullSourceCodeAccess/NullSourceCodeAccess.uplugin" 8
"../../../Engine/Plugins/Developer/OneSkyLocalizationService/OneSkyLocalizationService.uplugin" 9
"../../../Engine/Plugins/Developer/PerforceSourceControl/PerforceSourceControl.uplugin" 10
"../../../Engine/Plugins/Developer/SubversionSourceControl/SubversionSourceControl.uplugin" 11
"../../../Engine/Plugins/Developer/UObjectPlugin/UObjectPlugin.uplugin" 12
"../../../Engine/Plugins/Developer/VisualStudioSourceCodeAccess/VisualStudioSourceCodeAccess.uplugin" 13
"../../../Engine/Plugins/Developer/XCodeSourceCodeAccess/XCodeSourceCodeAccess.uplugin" 14
"../../../Engine/Plugins/Editor/EpicSurvey/EpicSurvey.uplugin" 15
"../../../Engine/Plugins/Editor/MacGraphicsSwitching/MacGraphicsSwitching.uplugin" 16
"../../../Engine/Plugins/Editor/PluginBrowser/PluginBrowser.uplugin" 17
"../../../Engine/Plugins/Editor/SpeedTreeImporter/SpeedTreeImporter.uplugin" 18
"../../../Engine/Plugins/Experimental/BlueprintStats/BlueprintStats.uplugin" 19
"../../../Engine/Plugins/Experimental/CharacterAI/CharacterAI.uplugin" 20
"../../../Engine/Plugins/Experimental/CodeEditor/CodeEditor.uplugin" 21
"../../../Engine/Plugins/Experimental/CodeView/CodeView.uplugin" 22
"../../../Engine/Plugins/Experimental/HTML5Networking/HTML5Networking.uplugin" 23
"../../../Engine/Plugins/Experimental/LiveEditor/LiveEditor.uplugin" 24
"../../../Engine/Plugins/Experimental/Phya/Phya.uplugin" 25
"../../../Engine/Plugins/Experimental/SimpleHMD/SimpleHMD.uplugin" 26
"../../../Engine/Plugins/Experimental/StructBox/StructBox.uplugin" 27
"../../../Engine/Plugins/Media/AndroidMedia/AndroidMedia.uplugin" 28
"../../../Engine/Plugins/Media/AvfMedia/AvfMedia.uplugin" 29
"../../../Engine/Plugins/Media/MediaPlayerEditor/MediaPlayerEditor.uplugin" 30
"../../../Engine/Plugins/Media/WmfMedia/WmfMedia.uplugin" 31
"../../../Engine/Plugins/Messaging/MessagingDebugger/MessagingDebugger.uplugin" 32
"../../../Engine/Plugins/Messaging/UdpMessaging/UdpMessaging.uplugin" 33
"../../../Engine/Plugins/MovieScene/LevelSequenceEditor/LevelSequenceEditor.uplugin" 34
"../../../Engine/Plugins/NetcodeUnitTest/NetcodeUnitTest/NetcodeUnitTest.uplugin" 35
"../../../Engine/Plugins/NetcodeUnitTest/NUTUnrealEngine4/NUTUnrealEngine4.uplugin" 36
"../../../Engine/Plugins/Runtime/Advertising/IOSTapJoy/IOSTapJoy.uplugin" 37
"../../../Engine/Plugins/Runtime/Analytics/AnalyticsBlueprintLibrary/AnalyticsBlueprintLibrary.uplugin" 38
"../../../Engine/Plugins/Runtime/Analytics/AnalyticsMulticast/AnalyticsMulticast.uplugin" 39
"../../../Engine/Plugins/Runtime/Analytics/Apsalar/IOSApsalar/IOSApsalar.uplugin" 40
"../../../Engine/Plugins/Runtime/Analytics/FileLogging/FileLogging.uplugin" 41
"../../../Engine/Plugins/Runtime/Analytics/Flurry/IOSFlurry/IOSFlurry.uplugin" 42
"../../../Engine/Plugins/Runtime/AndroidDeviceProfileSelector/AndroidDeviceProfileSelector.uplugin" 43
"../../../Engine/Plugins/Runtime/AndroidMoviePlayer/AndroidMoviePlayer.uplugin" 44
"../../../Engine/Plugins/Runtime/AppleMoviePlayer/AppleMoviePlayer.uplugin" 45
"../../../Engine/Plugins/Runtime/ArchVisCharacter/ArchVisCharacter.uplugin" 46
"../../../Engine/Plugins/Runtime/CableComponent/CableComponent.uplugin" 47
"../../../Engine/Plugins/Runtime/CustomMeshComponent/CustomMeshComponent.uplugin" 48
"../../../Engine/Plugins/Runtime/ExampleDeviceProfileSelector/ExampleDeviceProfileSelector.uplugin" 49
"../../../Engine/Plugins/Runtime/GearVR/GearVR.uplugin" 50
"../../../Engine/Plugins/Runtime/IOSDeviceProfileSelector/IOSDeviceProfileSelector.uplugin" 51
"../../../Engine/Plugins/Runtime/LeapMotionController/LeapMotionController.uplugin" 52
"../../../Engine/Plugins/Runtime/LinuxDeviceProfileSelector/LinuxDeviceProfileSelector.uplugin" 53
"../../../Engine/Plugins/Runtime/LiveEditorListenServer/LiveEditorListenServer.uplugin" 54
"../../../Engine/Plugins/Runtime/OculusAudio/OculusAudio.uplugin" 55
"../../../Engine/Plugins/Runtime/OculusInput/OculusInput.uplugin" 56
"../../../Engine/Plugins/Runtime/OculusLibrary/OculusLibrary.uplugin" 57
"../../../Engine/Plugins/Runtime/OculusRift/OculusRift.uplugin" 58
"../../../Engine/Plugins/Runtime/ProceduralMeshComponent/ProceduralMeshComponent.uplugin" 59
"../../../Engine/Plugins/Runtime/SoundMod/SoundMod.uplugin" 60
"../../../Engine/Plugins/Runtime/SoundVisualizations/SoundVisualizations.uplugin" 61
"../../../Engine/Plugins/Runtime/Steam/SteamController/SteamController.uplugin" 62
"../../../Engine/Plugins/Runtime/Steam/SteamVR/SteamVR.uplugin" 63
"../../../Engine/Plugins/Runtime/WebBrowserWidget/WebBrowserWidget.uplugin" 64
"../../../Engine/Plugins/Runtime/WindowsDeviceProfileSelector/WindowsDeviceProfileSelector.uplugin" 65
"../../../Engine/Plugins/Runtime/WindowsMoviePlayer/WindowsMoviePlayer.uplugin" 66
"../../../Engine/Plugins/ScriptGeneratorPlugin/ScriptGeneratorPlugin.uplugin" 67
"../../../Engine/Plugins/ScriptPlugin/ScriptPlugin.uplugin" 68
"../../../Engine/Plugins/Slate/SlateRemote/SlateRemote.uplugin" 69
"..\..\..\Engine\Content\Internationalization\icudt53l\cnvalias.icu" 70
"..\..\..\Engine\Content\Internationalization\icudt53l\en_US_POSIX.res" 71
"..\..\..\Engine\Content\Internationalization\icudt53l\pool.res" 72
"..\..\..\Engine\Content\Internationalization\icudt53l\en_US.res" 73
"..\..\..\Engine\Content\Internationalization\icudt53l\en.res" 74
"..\..\..\Engine\Content\Internationalization\icudt53l\root.res" 75
"..\..\..\Engine\Content\Internationalization\icudt53l\sv_SE.res" 76
"..\..\..\Engine\Content\Internationalization\icudt53l\sv.res" 77
"C:/Users/Dennis/AppData/Local/UnrealEngine/4.10/Saved/Config/Windows/Manifest.ini" 78
"../../../Engine/Config/Base.ini" 79
"../../../Engine/Config/BaseEngine.ini" 80
"C:/Users/Dennis/Documents/Unreal Projects/Descend04/Config/DefaultEngine.ini" 81
"../../../Engine/Config/Windows/WindowsEngine.ini" 82
"C:/Users/Dennis/Documents/Unreal Projects/Descend04/Saved/Config/Windows/Engine.ini" 83
"C:/Users/Dennis/Documents/Unreal Projects/Descend04/Intermediate/Config/CoalescedSourceConfigs/Engine.ini" 84
"../../../Engine/Config/BaseGame.ini" 85
"C:/Users/Dennis/Documents/Unreal Projects/Descend04/Config/DefaultGame.ini" 86
"C:/Users/Dennis/Documents/Unreal Projects/Descend04/Saved/Config/Windows/Game.ini" 87
"C:/Users/Dennis/Documents/Unreal Projects/Descend04/Intermediate/Config/CoalescedSourceConfigs/Game.ini" 88
"../../../Engine/Config/BaseInput.ini" 89
"C:/Users/Dennis/Documents/Unreal Projects/Descend04/Config/DefaultInput.ini" 90
"C:/Users/Dennis/Documents/Unreal Projects/Descend04/Saved/Config/Windows/Input.ini" 91
"C:/Users/Dennis/Documents/Unreal Projects/Descend04/Intermediate/Config/CoalescedSourceConfigs/Input.ini" 92
"../../../Engine/Config/BaseEditor.ini" 93
"C:/Users/Dennis/Documents/Unreal Projects/Descend04/Config/DefaultEditor.ini" 94
"C:/Users/Dennis/Documents/Unreal Projects/Descend04/Saved/Config/Windows/Editor.ini" 95
"C:/Users/Dennis/Documents/Unreal Projects/Descend04/Intermediate/Config/CoalescedSourceConfigs/Editor.ini" 96
"../../../Engine/Config/BaseEditorPerProjectUserSettings.ini" 97
"C:/Users/Dennis/Documents/Unreal Projects/Descend04/Config/DefaultEditorPerProjectUserSettings.ini" 98
"C:/Users/Dennis/Documents/Unreal Projects/Descend04/Saved/Config/Windows/EditorPerProjectUserSettings.ini" 99
"C:/Users/Dennis/Documents/Unreal Projects/Descend04/Intermediate/Config/CoalescedSourceConfigs/EditorPerProjectUserSettings.ini" 100
"../../../Engine/Config/BaseEditorSettings.ini" 101
"C:/Users/Dennis/AppData/Local/UnrealEngine/4.10/Saved/Config/Windows/EditorSettings.ini" 102
"C:/Users/Dennis/Documents/Unreal Projects/Descend04/Intermediate/Config/CoalescedSourceConfigs/EditorSettings.ini" 103
"../../../Engine/Config/BaseEditorLayout.ini" 104
"C:/Users/Dennis/AppData/Local/UnrealEngine/4.10/Saved/Config/Windows/EditorLayout.ini" 105
"C:/Users/Dennis/Documents/Unreal Projects/Descend04/Intermediate/Config/CoalescedSourceConfigs/EditorLayout.ini" 106
"../../../Engine/Config/BaseEditorKeyBindings.ini" 107
"C:/Users/Dennis/AppData/Local/UnrealEngine/4.10/Saved/Config/Windows/EditorKeyBindings.ini" 108
"C:/Users/Dennis/Documents/Unreal Projects/Descend04/Intermediate/Config/CoalescedSourceConfigs/EditorKeyBindings.ini" 109
"../../../Engine/Config/BaseCompat.ini" 110
"C:/Users/Dennis/Documents/Unreal Projects/Descend04/Saved/Config/Windows/Compat.ini" 111
"C:/Users/Dennis/Documents/Unreal Projects/Descend04/Intermediate/Config/CoalescedSourceConfigs/Compat.ini" 112
"../../../Engine/Config/BaseLightmass.ini" 113
"C:/Users/Dennis/Documents/Unreal Projects/Descend04/Saved/Config/Windows/Lightmass.ini" 114
"C:/Users/Dennis/Documents/Unreal Projects/Descend04/Intermediate/Config/CoalescedSourceConfigs/Lightmass.ini" 115
"../../../Engine/Config/BaseScalability.ini" 116
"C:/Users/Dennis/Documents/Unreal Projects/Descend04/Saved/Config/Windows/Scalability.ini" 117
"C:/Users/Dennis/Documents/Unreal Projects/Descend04/Intermediate/Config/CoalescedSourceConfigs/Scalability.ini" 118
"C:/Users/Dennis/Documents/Unreal Projects/Descend04/Saved/Config/Windows/GameUserSettings.ini" 119
"C:/Users/Dennis/Documents/Unreal Projects/Descend04/Intermediate/Config/CoalescedSourceConfigs/GameUserSettings.ini" 120
"../../../Engine/Config/BaseDeviceProfiles.ini" 121
"C:/Users/Dennis/Documents/Unreal Projects/Descend04/Saved/Config/Windows/DeviceProfiles.ini" 122
"C:/Users/Dennis/Documents/Unreal Projects/Descend04/Intermediate/Config/CoalescedSourceConfigs/DeviceProfiles.ini" 123
"../../../Engine/Config/ConsoleVariables.ini" 124
"..\..\..\Engine\Content\Internationalization\icudt53l\es.res" 125
"..\..\..\Engine\Content\Internationalization\icudt53l\ja.res" 126
"..\..\..\Engine\Content\Internationalization\icudt53l\ko.res" 127
"..\..\..\Engine\Content\Internationalization\icudt53l\pt_BR.res" 128
"..\..\..\Engine\Content\Internationalization\icudt53l\pt.res" 129
"..\..\..\Engine\Content\Internationalization\icudt53l\zh_CN.res" 130
"..\..\..\Engine\Content\Internationalization\icudt53l\zh_Hans_CN.res" 131
"..\..\..\Engine\Content\Internationalization\icudt53l\zh_Hans.res" 132
"..\..\..\Engine\Content\Internationalization\icudt53l\zh.res" 133
"D:/Games/Unreal Tournament/Epic Games/4.10/Engine/Content/Localization/Engine/en/Engine.locres" 134
"D:/Games/Unreal Tournament/Epic Games/4.10/Engine/Content/Localization/Editor/en/Editor.locres" 135
"D:/Games/Unreal Tournament/Epic Games/4.10/Engine/Content/Localization/EditorTutorials/en/EditorTutorials.locres" 136
"D:/Games/Unreal Tournament/Epic Games/4.10/Engine/Content/Localization/Keywords/en/Keywords.locres" 137
"D:/Games/Unreal Tournament/Epic Games/4.10/Engine/Content/Localization/Category/en/Category.locres" 138
"D:/Games/Unreal Tournament/Epic Games/4.10/Engine/Content/Localization/ToolTips/en/ToolTips.locres" 139
"D:/Games/Unreal Tournament/Epic Games/4.10/Engine/Content/Localization/PropertyNames/en/PropertyNames.locres" 140
"../../../Engine/Content/Slate/Fonts/Roboto-Regular.ttf" 141
"../../../Engine/Content/Slate/Fonts/DroidSansMono.ttf" 142
"../../../Engine/Content/Slate/Fonts/Roboto-Bold.ttf" 143
"../../../Engine/Content/Slate/Fonts/Roboto-Light.ttf" 144
"D:/Games/Unreal Tournament/Epic Games/4.10/Engine/Binaries/Win64/../../../Engine/Shaders/ParticleSpriteVertexFactory.usf" 145
"D:/Games/Unreal Tournament/Epic Games/4.10/Engine/Binaries/Win64/../../../Engine/Shaders/VertexFactoryCommon.usf" 146
"D:/Games/Unreal Tournament/Epic Games/4.10/Engine/Binaries/Win64/../../../Engine/Shaders/Common.usf" 147
"D:/Games/Unreal Tournament/Epic Games/4.10/Engine/Binaries/Win64/../../../Engine/Shaders/MetalCommon.usf" 148
"D:/Games/Unreal Tournament/Epic Games/4.10/Engine/Binaries/Win64/../../../Engine/Shaders/ShaderVersion.usf" 149
"D:/Games/Unreal Tournament/Epic Games/4.10/Engine/Binaries/Win64/../../../Engine/Shaders/CommonViewUniformBuffer.usf" 150
"D:/Games/Unreal Tournament/Epic Games/4.10/Engine/Binaries/Win64/../../../Engine/Shaders/Definitions.usf" 151
"D:/Games/Unreal Tournament/Epic Games/4.10/Engine/Binaries/Win64/../../../Engine/Shaders/Random.usf" 152
"D:/Games/Unreal Tournament/Epic Games/4.10/Engine/Binaries/Win64/../../../Engine/Shaders/ParticleVertexFactoryCommon.usf" 153
"D:/Games/Unreal Tournament/Epic Games/4.10/Engine/Binaries/Win64/../../../Engine/Shaders/ParticleGPUSpriteVertexFactory.usf" 154
"D:/Games/Unreal Tournament/Epic Games/4.10/Engine/Binaries/Win64/../../../Engine/Shaders/ParticleBeamTrailVertexFactory.usf" 155
"D:/Games/Unreal Tournament/Epic Games/4.10/Engine/Binaries/Win64/../../../Engine/Shaders/LocalVertexFactory.usf" 156
"D:/Games/Unreal Tournament/Epic Games/4.10/Engine/Binaries/Win64/../../../Engine/Shaders/LocalVertexFactoryCommon.usf" 157
"D:/Games/Unreal Tournament/Epic Games/4.10/Engine/Binaries/Win64/../../../Engine/Shaders/VectorFieldVisualizationVertexFactory.usf" 158
"D:/Games/Unreal Tournament/Epic Games/4.10/Engine/Binaries/Win64/../../../Engine/Shaders/MeshParticleVertexFactory.usf" 159
"D:/Games/Unreal Tournament/Epic Games/4.10/Engine/Binaries/Win64/../../../Engine/Shaders/GpuSkinVertexFactory.usf" 160
"D:/Games/Unreal Tournament/Epic Games/4.10/Engine/Binaries/Win64/../../../Engine/Shaders/GpuSkinCacheCommon.usf" 161
"D:/Games/Unreal Tournament/Epic Games/4.10/Engine/Binaries/Win64/../../../Engine/Shaders/LandscapeVertexFactory.usf" 162
"D:/Games/Unreal Tournament/Epic Games/4.10/Engine/Binaries/Win64/../../../Engine/Shaders/SlateElementPixelShader.usf" 163
"D:/Games/Unreal Tournament/Epic Games/4.10/Engine/Binaries/Win64/../../../Engine/Shaders/GammaCorrectionCommon.usf" 164
"D:/Games/Unreal Tournament/Epic Games/4.10/Engine/Binaries/Win64/../../../Engine/Shaders/MaterialTemplate.usf" 165
"D:/Games/Unreal Tournament/Epic Games/4.10/Engine/Binaries/Win64/../../../Engine/Shaders/DepthOfFieldCommon.usf" 166
"D:/Games/Unreal Tournament/Epic Games/4.10/Engine/Binaries/Win64/../../../Engine/Shaders/GlobalDistanceFieldShared.usf" 167
"D:/Games/Unreal Tournament/Epic Games/4.10/Engine/Binaries/Win64/../../../Engine/Shaders/SpeedTreeCommon.usf" 168
"D:/Games/Unreal Tournament/Epic Games/4.10/Engine/Binaries/Win64/../../../Engine/Shaders/AtmosphereCommon.usf" 169
"D:/Games/Unreal Tournament/Epic Games/4.10/Engine/Binaries/Win64/../../../Engine/Shaders/PaniniProjection.usf" 170
"D:/Games/Unreal Tournament/Epic Games/4.10/Engine/Binaries/Win64/../../../Engine/Shaders/EyeAdaptationCommon.usf" 171
"D:/Games/Unreal Tournament/Epic Games/4.10/Engine/Binaries/Win64/../../../Engine/Shaders/PostProcessCommon.usf" 172
"D:/Games/Unreal Tournament/Epic Games/4.10/Engine/Binaries/Win64/../../../Engine/Shaders/DeferredShadingCommon.usf" 173
"D:/Games/Unreal Tournament/Epic Games/4.10/Engine/Binaries/Win64/../../../Engine/Shaders/LightAccumulator.usf" 174
"D:/Games/Unreal Tournament/Epic Games/4.10/Engine/Binaries/Win64/../../../Engine/Shaders/SlateVertexShader.usf" 175
"D:/Games/Unreal Tournament/Epic Games/4.10/Engine/Binaries/Win64/../../../Engine/Shaders/ParticleSortKeyGen.usf" 176
"D:/Games/Unreal Tournament/Epic Games/4.10/Engine/Binaries/Win64/../../../Engine/Shaders/ParticleBoundsShader.usf" 177
"D:/Games/Unreal Tournament/Epic Games/4.10/Engine/Binaries/Win64/../../../Engine/Shaders/ParticleSimVisualizeShader.usf" 178
"D:/Games/Unreal Tournament/Epic Games/4.10/Engine/Binaries/Win64/../../../Engine/Shaders/ParticleInjectionShader.usf" 179
"D:/Games/Unreal Tournament/Epic Games/4.10/Engine/Binaries/Win64/../../../Engine/Shaders/ParticleSimulationShader.usf" 180
"D:/Games/Unreal Tournament/Epic Games/4.10/Engine/Binaries/Win64/../../../Engine/Shaders/ParticleCurveInjectionShader.usf" 181
"D:/Games/Unreal Tournament/Epic Games/4.10/Engine/Binaries/Win64/../../../Engine/Shaders/VectorFieldCompositeShaders.usf" 182
"D:/Games/Unreal Tournament/Epic Games/4.10/Engine/Binaries/Win64/../../../Engine/Shaders/UpdateTextureShaders.usf" 183
"D:/Games/Unreal Tournament/Epic Games/4.10/Engine/Binaries/Win64/../../../Engine/Shaders/SimpleElementColorChannelMaskPixelShader.usf" 184
"D:/Games/Unreal Tournament/Epic Games/4.10/Engine/Binaries/Win64/../../../Engine/Shaders/SimpleElementPixelShader.usf" 185
"D:/Games/Unreal Tournament/Epic Games/4.10/Engine/Binaries/Win64/../../../Engine/Shaders/ColorUtils.usf" 186
"D:/Games/Unreal Tournament/Epic Games/4.10/Engine/Binaries/Win64/../../../Engine/Shaders/IESLightProfilesCommon.usf" 187
"D:/Games/Unreal Tournament/Epic Games/4.10/Engine/Binaries/Win64/../../../Engine/Shaders/SimpleElementHitProxyPixelShader.usf" 188
"D:/Games/Unreal Tournament/Epic Games/4.10/Engine/Binaries/Win64/../../../Engine/Shaders/SimpleElementVertexShader.usf" 189
"D:/Games/Unreal Tournament/Epic Games/4.10/Engine/Binaries/Win64/../../../Engine/Shaders/ScreenVertexShader.usf" 190
"D:/Games/Unreal Tournament/Epic Games/4.10/Engine/Binaries/Win64/../../../Engine/Shaders/ScreenPixelShader.usf" 191
"D:/Games/Unreal Tournament/Epic Games/4.10/Engine/Binaries/Win64/../../../Engine/Shaders/RadixSortShaders.usf" 192
"D:/Games/Unreal Tournament/Epic Games/4.10/Engine/Binaries/Win64/../../../Engine/Shaders/GpuSkinCacheComputeShader.usf" 193
"D:/Games/Unreal Tournament/Epic Games/4.10/Engine/Binaries/Win64/../../../Engine/Shaders/NullPixelShader.usf" 194
"D:/Games/Unreal Tournament/Epic Games/4.10/Engine/Binaries/Win64/../../../Engine/Shaders/LandscapeGrassWeight.usf" 195
"D:/Games/Unreal Tournament/Epic Games/4.10/Engine/Binaries/Win64/../../../Engine/Shaders/VisualizeTexture.usf" 196
"D:/Games/Unreal Tournament/Epic Games/4.10/Engine/Binaries/Win64/../../../Engine/Shaders/ScreenSpaceReflections.usf" 197
"D:/Games/Unreal Tournament/Epic Games/4.10/Engine/Binaries/Win64/../../../Engine/Shaders/BRDF.usf" 198
"D:/Games/Unreal Tournament/Epic Games/4.10/Engine/Binaries/Win64/../../../Engine/Shaders/MonteCarlo.usf" 199
"D:/Games/Unreal Tournament/Epic Games/4.10/Engine/Binaries/Win64/../../../Engine/Shaders/ScreenSpaceRayCast.usf" 200
"D:/Games/Unreal Tournament/Epic Games/4.10/Engine/Binaries/Win64/../../../Engine/Shaders/FilterVertexShader.usf" 201
"D:/Games/Unreal Tournament/Epic Games/4.10/Engine/Binaries/Win64/../../../Engine/Shaders/FilterPixelShader.usf" 202
"D:/Games/Unreal Tournament/Epic Games/4.10/Engine/Binaries/Win64/../../../Engine/Shaders/PostProcessVisualizeHDR.usf" 203
"D:/Games/Unreal Tournament/Epic Games/4.10/Engine/Binaries/Win64/../../../Engine/Shaders/PostProcessHistogramCommon.usf" 204
"D:/Games/Unreal Tournament/Epic Games/4.10/Engine/Binaries/Win64/../../../Engine/Shaders/TonemapCommon.usf" 205
"D:/Games/Unreal Tournament/Epic Games/4.10/Engine/Binaries/Win64/../../../Engine/Shaders/ACES.usf" 206
"D:/Games/Unreal Tournament/Epic Games/4.10/Engine/Binaries/Win64/../../../Engine/Shaders/MiniFontCommon.usf" 207
"D:/Games/Unreal Tournament/Epic Games/4.10/Engine/Binaries/Win64/../../../Engine/Shaders/PostProcessVisualizeBuffer.usf" 208
"D:/Games/Unreal Tournament/Epic Games/4.10/Engine/Binaries/Win64/../../../Engine/Shaders/PostProcessUpscale.usf" 209
"D:/Games/Unreal Tournament/Epic Games/4.10/Engine/Binaries/Win64/../../../Engine/Shaders/PostProcessTonemap.usf" 210
"D:/Games/Unreal Tournament/Epic Games/4.10/Engine/Binaries/Win64/../../../Engine/Shaders/PostProcessTestImage.usf" 211
"D:/Games/Unreal Tournament/Epic Games/4.10/Engine/Binaries/Win64/../../../Engine/Shaders/PostProcessTemporalAA.usf" 212
"D:/Games/Unreal Tournament/Epic Games/4.10/Engine/Binaries/Win64/../../../Engine/Shaders/PostProcessTemporalCommon.usf" 213
"D:/Games/Unreal Tournament/Epic Games/4.10/Engine/Binaries/Win64/../../../Engine/Shaders/PostProcessSubsurface.usf" 214
"D:/Games/Unreal Tournament/Epic Games/4.10/Engine/Binaries/Win64/../../../Engine/Shaders/SeparableSSS.usf" 215
"D:/Games/Unreal Tournament/Epic Games/4.10/Engine/Binaries/Win64/../../../Engine/Shaders/PostProcessSelectionOutline.usf" 216
"D:/Games/Unreal Tournament/Epic Games/4.10/Engine/Binaries/Win64/../../../Engine/Shaders/PostProcessSceneColorFringe.usf" 217
"D:/Games/Unreal Tournament/Epic Games/4.10/Engine/Binaries/Win64/../../../Engine/Shaders/PostProcessNoiseBlur.usf" 218
"D:/Games/Unreal Tournament/Epic Games/4.10/Engine/Binaries/Win64/../../../Engine/Shaders/PostProcessMotionBlur.usf" 219
"D:/Games/Unreal Tournament/Epic Games/4.10/Engine/Binaries/Win64/../../../Engine/Shaders/FastMath.usf" 220
"D:/Games/Unreal Tournament/Epic Games/4.10/Engine/Binaries/Win64/../../../Engine/Shaders/PostProcessVelocityFlatten.usf" 221
"D:/Games/Unreal Tournament/Epic Games/4.10/Engine/Binaries/Win64/../../../Engine/Shaders/PostProcessMobile.usf" 222
"D:/Games/Unreal Tournament/Epic Games/4.10/Engine/Binaries/Win64/../../../Engine/Shaders/PostProcessMaterialShaders.usf" 223
"D:/Games/Unreal Tournament/Epic Games/4.10/Engine/Binaries/Win64/../../../Engine/Shaders/PostProcessLensFlares.usf" 224
"D:/Games/Unreal Tournament/Epic Games/4.10/Engine/Binaries/Win64/../../../Engine/Shaders/PostProcessLensBlur.usf" 225
"D:/Games/Unreal Tournament/Epic Games/4.10/Engine/Binaries/Win64/../../../Engine/Shaders/PostProcessBloom.usf" 226
"D:/Games/Unreal Tournament/Epic Games/4.10/Engine/Binaries/Win64/../../../Engine/Shaders/PostProcessHMD.usf" 227
"D:/Games/Unreal Tournament/Epic Games/4.10/Engine/Binaries/Win64/../../../Engine/Shaders/PostProcessHistogramReduce.usf" 228
"D:/Games/Unreal Tournament/Epic Games/4.10/Engine/Binaries/Win64/../../../Engine/Shaders/PostProcessHistogram.usf" 229
"D:/Games/Unreal Tournament/Epic Games/4.10/Engine/Binaries/Win64/../../../Engine/Shaders/PostProcessHierarchical.usf" 230
"D:/Games/Unreal Tournament/Epic Games/4.10/Engine/Binaries/Win64/../../../Engine/Shaders/PostProcessGBufferHints.usf" 231
"D:/Games/Unreal Tournament/Epic Games/4.10/Engine/Binaries/Win64/../../../Engine/Shaders/PostProcessEyeAdaptation.usf" 232
"D:/Games/Unreal Tournament/Epic Games/4.10/Engine/Binaries/Win64/../../../Engine/Shaders/PostProcessDownsample.usf" 233
"D:/Games/Unreal Tournament/Epic Games/4.10/Engine/Binaries/Win64/../../../Engine/Shaders/PostProcessDOF.usf" 234
"D:/Games/Unreal Tournament/Epic Games/4.10/Engine/Binaries/Win64/../../../Engine/Shaders/PostProcessCompositeEditorPrimitives.usf" 235
"D:/Games/Unreal Tournament/Epic Games/4.10/Engine/Binaries/Win64/../../../Engine/Shaders/PostProcessCombineLUTs.usf" 236
"D:/Games/Unreal Tournament/Epic Games/4.10/Engine/Binaries/Win64/../../../Engine/Shaders/PostProcessCircleDOF.usf" 237
"D:/Games/Unreal Tournament/Epic Games/4.10/Engine/Binaries/Win64/../../../Engine/Shaders/CircleDOFCommon.usf" 238
"D:/Games/Unreal Tournament/Epic Games/4.10/Engine/Binaries/Win64/../../../Engine/Shaders/PostProcessBusyWait.usf" 239
"D:/Games/Unreal Tournament/Epic Games/4.10/Engine/Binaries/Win64/../../../Engine/Shaders/PostProcessBokehDOF.usf" 240
"D:/Games/Unreal Tournament/Epic Games/4.10/Engine/Binaries/Win64/../../../Engine/Shaders/PostProcessVisualizeDOF.usf" 241
"D:/Games/Unreal Tournament/Epic Games/4.10/Engine/Binaries/Win64/../../../Engine/Shaders/FXAAShader.usf" 242
"D:/Games/Unreal Tournament/Epic Games/4.10/Engine/Binaries/Win64/../../../Engine/Shaders/Fxaa3_11.usf" 243
"D:/Games/Unreal Tournament/Epic Games/4.10/Engine/Binaries/Win64/../../../Engine/Shaders/PostProcessPassThrough.usf" 244
"D:/Games/Unreal Tournament/Epic Games/4.10/Engine/Binaries/Win64/../../../Engine/Shaders/PostProcessLpvIndirect.usf" 245
"D:/Games/Unreal Tournament/Epic Games/4.10/Engine/Binaries/Win64/../../../Engine/Shaders/DeferredLightingCommon.usf" 246
"D:/Games/Unreal Tournament/Epic Games/4.10/Engine/Binaries/Win64/../../../Engine/Shaders/DynamicLightingCommon.usf" 247
"D:/Games/Unreal Tournament/Epic Games/4.10/Engine/Binaries/Win64/../../../Engine/Shaders/ShadingModels.usf" 248
"D:/Games/Unreal Tournament/Epic Games/4.10/Engine/Binaries/Win64/../../../Engine/Shaders/LPVFinalPass.usf" 249
"D:/Games/Unreal Tournament/Epic Games/4.10/Engine/Binaries/Win64/../../../Engine/Shaders/LPVCommon.usf" 250
"D:/Games/Unreal Tournament/Epic Games/4.10/Engine/Binaries/Win64/../../../Engine/Shaders/DeferredDecal.usf" 251
"D:/Games/Unreal Tournament/Epic Games/4.10/Engine/Binaries/Win64/../../../Engine/Shaders/PostProcessAmbientOcclusion.usf" 252
"D:/Games/Unreal Tournament/Epic Games/4.10/Engine/Binaries/Win64/../../../Engine/Shaders/PostProcessAmbient.usf" 253
"D:/Games/Unreal Tournament/Epic Games/4.10/Engine/Binaries/Win64/../../../Engine/Shaders/CubemapCommon.usf" 254
"D:/Games/Unreal Tournament/Epic Games/4.10/Engine/Binaries/Win64/../../../Engine/Shaders/VelocityShader.usf" 255
"D:/Games/Unreal Tournament/Epic Games/4.10/Engine/Binaries/Win64/../../../Engine/Shaders/VelocityCommon.usf" 256
"D:/Games/Unreal Tournament/Epic Games/4.10/Engine/Binaries/Win64/../../../Engine/Shaders/Tessellation.usf" 257
"D:/Games/Unreal Tournament/Epic Games/4.10/Engine/Binaries/Win64/../../../Engine/Shaders/FlatTessellation.usf" 258
"D:/Games/Unreal Tournament/Epic Games/4.10/Engine/Binaries/Win64/../../../Engine/Shaders/PNTriangles.usf" 259
"D:/Games/Unreal Tournament/Epic Games/4.10/Engine/Binaries/Win64/../../../Engine/Shaders/TranslucentLightingShaders.usf" 260
"D:/Games/Unreal Tournament/Epic Games/4.10/Engine/Binaries/Win64/../../../Engine/Shaders/SHCommon.usf" 261
"D:/Games/Unreal Tournament/Epic Games/4.10/Engine/Binaries/Win64/../../../Engine/Shaders/ShadowProjectionCommon.usf" 262
"D:/Games/Unreal Tournament/Epic Games/4.10/Engine/Binaries/Win64/../../../Engine/Shaders/TranslucentLightInjectionShaders.usf" 263
"D:/Games/Unreal Tournament/Epic Games/4.10/Engine/Binaries/Win64/../../../Engine/Shaders/LightFunctionCommon.usf" 264
"D:/Games/Unreal Tournament/Epic Games/4.10/Engine/Binaries/Win64/../../../Engine/Shaders/TranslucentShadowDepthShaders.usf" 265
"D:/Games/Unreal Tournament/Epic Games/4.10/Engine/Binaries/Win64/../../../Engine/Shaders/ShadowDepthCommon.usf" 266
"D:/Games/Unreal Tournament/Epic Games/4.10/Engine/Binaries/Win64/../../../Engine/Shaders/TiledDeferredLightShaders.usf" 267
"D:/Games/Unreal Tournament/Epic Games/4.10/Engine/Binaries/Win64/../../../Engine/Shaders/SurfelTree.usf" 268
"D:/Games/Unreal Tournament/Epic Games/4.10/Engine/Binaries/Win64/../../../Engine/Shaders/DistanceFieldLightingShared.usf" 269
"D:/Games/Unreal Tournament/Epic Games/4.10/Engine/Binaries/Win64/../../../Engine/Shaders/SurfelMaterialShared.usf" 270
"D:/Games/Unreal Tournament/Epic Games/4.10/Engine/Binaries/Win64/../../../Engine/Shaders/DistanceFieldAOShared.usf" 271
"D:/Games/Unreal Tournament/Epic Games/4.10/Engine/Binaries/Win64/../../../Engine/Shaders/ShadowProjectionPixelShader.usf" 272
"D:/Games/Unreal Tournament/Epic Games/4.10/Engine/Binaries/Win64/../../../Engine/Shaders/ShadowFilteringCommon.usf" 273
"D:/Games/Unreal Tournament/Epic Games/4.10/Engine/Binaries/Win64/../../../Engine/Shaders/ShadowProjectionVertexShader.usf" 274
"D:/Games/Unreal Tournament/Epic Games/4.10/Engine/Binaries/Win64/../../../Engine/Shaders/ShadowDepthPixelShader.usf" 275
"D:/Games/Unreal Tournament/Epic Games/4.10/Engine/Binaries/Win64/../../../Engine/Shaders/LPVWriteVplCommon.usf" 276
"D:/Games/Unreal Tournament/Epic Games/4.10/Engine/Binaries/Win64/../../../Engine/Shaders/LPVWriteCommon.usf" 277
"D:/Games/Unreal Tournament/Epic Games/4.10/Engine/Binaries/Win64/../../../Engine/Shaders/ShadowDepthVertexShader.usf" 278
"D:/Games/Unreal Tournament/Epic Games/4.10/Engine/Binaries/Win64/../../../Engine/Shaders/ShaderComplexityApplyPixelShader.usf" 279
"D:/Games/Unreal Tournament/Epic Games/4.10/Engine/Binaries/Win64/../../../Engine/Shaders/ShaderComplexityApplyVertexShader.usf" 280
"D:/Games/Unreal Tournament/Epic Games/4.10/Engine/Binaries/Win64/../../../Engine/Shaders/ShaderComplexityAccumulatePixelShader.usf" 281
"D:/Games/Unreal Tournament/Epic Games/4.10/Engine/Binaries/Win64/../../../Engine/Shaders/HZBOcclusion.usf" 282
"D:/Games/Unreal Tournament/Epic Games/4.10/Engine/Binaries/Win64/../../../Engine/Shaders/OcclusionQueryVertexShader.usf" 283
"D:/Games/Unreal Tournament/Epic Games/4.10/Engine/Binaries/Win64/../../../Engine/Shaders/HitProxyPixelShader.usf" 284
"D:/Games/Unreal Tournament/Epic Games/4.10/Engine/Binaries/Win64/../../../Engine/Shaders/HitProxyVertexShader.usf" 285
"D:/Games/Unreal Tournament/Epic Games/4.10/Engine/Binaries/Win64/../../../Engine/Shaders/ReflectionEnvironmentShaders.usf" 286
"D:/Games/Unreal Tournament/Epic Games/4.10/Engine/Binaries/Win64/../../../Engine/Shaders/ReflectionEnvironmentShared.usf" 287
"D:/Games/Unreal Tournament/Epic Games/4.10/Engine/Binaries/Win64/../../../Engine/Shaders/SkyLightingShared.usf" 288
"D:/Games/Unreal Tournament/Epic Games/4.10/Engine/Binaries/Win64/../../../Engine/Shaders/ReflectionEnvironmentComputeShaders.usf" 289
"D:/Games/Unreal Tournament/Epic Games/4.10/Engine/Binaries/Win64/../../../Engine/Shaders/LightShaftShader.usf" 290
"D:/Games/Unreal Tournament/Epic Games/4.10/Engine/Binaries/Win64/../../../Engine/Shaders/StationaryLightOverlapShaders.usf" 291
"D:/Games/Unreal Tournament/Epic Games/4.10/Engine/Binaries/Win64/../../../Engine/Shaders/DeferredLightPixelShaders.usf" 292
"D:/Games/Unreal Tournament/Epic Games/4.10/Engine/Binaries/Win64/../../../Engine/Shaders/DeferredLightVertexShaders.usf" 293
"D:/Games/Unreal Tournament/Epic Games/4.10/Engine/Binaries/Win64/../../../Engine/Shaders/LPVVisualise.usf" 294
"D:/Games/Unreal Tournament/Epic Games/4.10/Engine/Binaries/Win64/../../../Engine/Shaders/LPVGeometryVolumeCommon.usf" 295
"D:/Games/Unreal Tournament/Epic Games/4.10/Engine/Binaries/Win64/../../../Engine/Shaders/LPVDirectLightInject.usf" 296
"D:/Games/Unreal Tournament/Epic Games/4.10/Engine/Binaries/Win64/../../../Engine/Shaders/LPVPropagate.usf" 297
"D:/Games/Unreal Tournament/Epic Games/4.10/Engine/Binaries/Win64/../../../Engine/Shaders/LPVPacking.usf" 298
"D:/Games/Unreal Tournament/Epic Games/4.10/Engine/Binaries/Win64/../../../Engine/Shaders/LPVBuildGeometryVolume.usf" 299
"D:/Games/Unreal Tournament/Epic Games/4.10/Engine/Binaries/Win64/../../../Engine/Shaders/LpvDirectionalOcclusion.usf" 300
"D:/Games/Unreal Tournament/Epic Games/4.10/Engine/Binaries/Win64/../../../Engine/Shaders/LPVInject_AccumulateVplLists.usf" 301
"D:/Games/Unreal Tournament/Epic Games/4.10/Engine/Binaries/Win64/../../../Engine/Shaders/LPVInject_GenerateVplLists.usf" 302
"D:/Games/Unreal Tournament/Epic Games/4.10/Engine/Binaries/Win64/../../../Engine/Shaders/LPVClearLists.usf" 303
"D:/Games/Unreal Tournament/Epic Games/4.10/Engine/Binaries/Win64/../../../Engine/Shaders/LPVClear.usf" 304
"D:/Games/Unreal Tournament/Epic Games/4.10/Engine/Binaries/Win64/../../../Engine/Shaders/LightMapDensityShader.usf" 305
"D:/Games/Unreal Tournament/Epic Games/4.10/Engine/Binaries/Win64/../../../Engine/Shaders/LightFunctionPixelShader.usf" 306
"D:/Games/Unreal Tournament/Epic Games/4.10/Engine/Binaries/Win64/../../../Engine/Shaders/LightFunctionVertexShader.usf" 307
"D:/Games/Unreal Tournament/Epic Games/4.10/Engine/Binaries/Win64/../../../Engine/Shaders/HeightfieldLighting.usf" 308
"D:/Games/Unreal Tournament/Epic Games/4.10/Engine/Binaries/Win64/../../../Engine/Shaders/DistanceFieldShadowingShared.usf" 309
"D:/Games/Unreal Tournament/Epic Games/4.10/Engine/Binaries/Win64/../../../Engine/Shaders/HdrCustomResolveShaders.usf" 310
"D:/Games/Unreal Tournament/Epic Games/4.10/Engine/Binaries/Win64/../../../Engine/Shaders/GPUBenchmark.usf" 311
"D:/Games/Unreal Tournament/Epic Games/4.10/Engine/Binaries/Win64/../../../Engine/Shaders/GlobalDistanceField.usf" 312
"D:/Games/Unreal Tournament/Epic Games/4.10/Engine/Binaries/Win64/../../../Engine/Shaders/GammaCorrection.usf" 313
"D:/Games/Unreal Tournament/Epic Games/4.10/Engine/Binaries/Win64/../../../Engine/Shaders/BasePassForForwardShadingPixelShader.usf" 314
"D:/Games/Unreal Tournament/Epic Games/4.10/Engine/Binaries/Win64/../../../Engine/Shaders/BasePassForForwardShadingCommon.usf" 315
"D:/Games/Unreal Tournament/Epic Games/4.10/Engine/Binaries/Win64/../../../Engine/Shaders/LightmapCommon.usf" 316
"D:/Games/Unreal Tournament/Epic Games/4.10/Engine/Binaries/Win64/../../../Engine/Shaders/BasePassForForwardShadingVertexShader.usf" 317
"D:/Games/Unreal Tournament/Epic Games/4.10/Engine/Binaries/Win64/../../../Engine/Shaders/HeightFogCommon.usf" 318
"D:/Games/Unreal Tournament/Epic Games/4.10/Engine/Binaries/Win64/../../../Engine/Shaders/HeightFogPixelShader.usf" 319
"D:/Games/Unreal Tournament/Epic Games/4.10/Engine/Binaries/Win64/../../../Engine/Shaders/HeightFogVertexShader.usf" 320
"D:/Games/Unreal Tournament/Epic Games/4.10/Engine/Binaries/Win64/../../../Engine/Shaders/DistortAccumulatePS.usf" 321
"D:/Games/Unreal Tournament/Epic Games/4.10/Engine/Binaries/Win64/../../../Engine/Shaders/DistortAccumulateVS.usf" 322
"D:/Games/Unreal Tournament/Epic Games/4.10/Engine/Binaries/Win64/../../../Engine/Shaders/DistortApplyScreenPS.usf" 323
"D:/Games/Unreal Tournament/Epic Games/4.10/Engine/Binaries/Win64/../../../Engine/Shaders/DistanceFieldSurfaceCacheLighting.usf" 324
"D:/Games/Unreal Tournament/Epic Games/4.10/Engine/Binaries/Win64/../../../Engine/Shaders/SkyLighting.usf" 325
"D:/Games/Unreal Tournament/Epic Games/4.10/Engine/Binaries/Win64/../../../Engine/Shaders/DistanceFieldSurfaceCacheLightingCompute.usf" 326
"D:/Games/Unreal Tournament/Epic Games/4.10/Engine/Binaries/Win64/../../../Engine/Shaders/DistanceFieldShadowing.usf" 327
"D:/Games/Unreal Tournament/Epic Games/4.10/Engine/Binaries/Win64/../../../Engine/Shaders/DistanceFieldScreenGridLighting.usf" 328
"D:/Games/Unreal Tournament/Epic Games/4.10/Engine/Binaries/Win64/../../../Engine/Shaders/DistanceFieldLightingPost.usf" 329
"D:/Games/Unreal Tournament/Epic Games/4.10/Engine/Binaries/Win64/../../../Engine/Shaders/DistanceFieldGlobalIllumination.usf" 330
"D:/Games/Unreal Tournament/Epic Games/4.10/Engine/Binaries/Win64/../../../Engine/Shaders/DepthOnlyPixelShader.usf" 331
"D:/Games/Unreal Tournament/Epic Games/4.10/Engine/Binaries/Win64/../../../Engine/Shaders/DepthOnlyVertexShader.usf" 332
"D:/Games/Unreal Tournament/Epic Games/4.10/Engine/Binaries/Win64/../../../Engine/Shaders/PositionOnlyDepthVertexShader.usf" 333
"D:/Games/Unreal Tournament/Epic Games/4.10/Engine/Binaries/Win64/../../../Engine/Shaders/DownsampleDepthPixelShader.usf" 334
"D:/Games/Unreal Tournament/Epic Games/4.10/Engine/Binaries/Win64/../../../Engine/Shaders/EvaluateSurfelMaterial.usf" 335
"D:/Games/Unreal Tournament/Epic Games/4.10/Engine/Binaries/Win64/../../../Engine/Shaders/ConvertToUniformMesh.usf" 336
"D:/Games/Unreal Tournament/Epic Games/4.10/Engine/Binaries/Win64/../../../Engine/Shaders/BasePassPixelShader.usf" 337
"D:/Games/Unreal Tournament/Epic Games/4.10/Engine/Binaries/Win64/../../../Engine/Shaders/BasePassCommon.usf" 338
"D:/Games/Unreal Tournament/Epic Games/4.10/Engine/Binaries/Win64/../../../Engine/Shaders/ForEachLight.usf" 339
"D:/Games/Unreal Tournament/Epic Games/4.10/Engine/Binaries/Win64/../../../Engine/Shaders/BasePassVertexShader.usf" 340
"D:/Games/Unreal Tournament/Epic Games/4.10/Engine/Binaries/Win64/../../../Engine/Shaders/BasePassVertexCommon.usf" 341
"D:/Games/Unreal Tournament/Epic Games/4.10/Engine/Binaries/Win64/../../../Engine/Shaders/BasePassTessellationShaders.usf" 342
"D:/Games/Unreal Tournament/Epic Games/4.10/Engine/Binaries/Win64/../../../Engine/Shaders/AtmospherePrecompute.usf" 343
"D:/Games/Unreal Tournament/Epic Games/4.10/Engine/Binaries/Win64/../../../Engine/Shaders/AtmospherePrecomputeCommon.usf" 344
"D:/Games/Unreal Tournament/Epic Games/4.10/Engine/Binaries/Win64/../../../Engine/Shaders/AtmospherePrecomputeInscatter.usf" 345
"D:/Games/Unreal Tournament/Epic Games/4.10/Engine/Binaries/Win64/../../../Engine/Shaders/AtmosphericFogShader.usf" 346
"D:/Games/Unreal Tournament/Epic Games/4.10/Engine/Binaries/Win64/../../../Engine/Shaders/ResolveVertexShader.usf" 347
"D:/Games/Unreal Tournament/Epic Games/4.10/Engine/Binaries/Win64/../../../Engine/Shaders/ResolvePixelShader.usf" 348
"D:/Games/Unreal Tournament/Epic Games/4.10/Engine/Binaries/Win64/../../../Engine/Shaders/OneColorShader.usf" 349
"D:/Games/Unreal Tournament/Epic Games/4.10/Engine/Binaries/Win64/../../../Engine/Shaders/MediaShaders.usf" 350
"D:/Games/Unreal Tournament/Epic Games/4.10/Engine/Binaries/Win64/../../../Engine/Shaders/ClearReplacementShaders.usf" 351
"D:/Games/Unreal Tournament/Epic Games/4.10/Engine/Binaries/Win64/../../../Engine/Shaders/SimpleElementTexture2DPreviewPixelShader.usf" 352
"D:/Games/Unreal Tournament/Epic Games/4.10/Engine/Binaries/Win64/../../../Engine/Shaders/SimpleElementNormalMapPixelShader.usf" 353
"D:/Games/Unreal Tournament/Epic Games/4.10/Engine/Binaries/Win64/../../../Engine/Shaders/meshpaintdilatepixelshader.usf" 354
"D:/Games/Unreal Tournament/Epic Games/4.10/Engine/Binaries/Win64/../../../Engine/Shaders/meshpaintdilatevertexshader.usf" 355
"D:/Games/Unreal Tournament/Epic Games/4.10/Engine/Binaries/Win64/../../../Engine/Shaders/MeshPaintPixelShader.usf" 356
"D:/Games/Unreal Tournament/Epic Games/4.10/Engine/Binaries/Win64/../../../Engine/Shaders/MeshPaintVertexShader.usf" 357
"../../../Engine/Config/Android/AndroidEngine.ini" 358
"../../../Engine/Config/IOS/IOSEngine.ini" 359
"../../../Engine/Config/Linux/LinuxEngine.ini" 360
"C:/Users/Dennis/AppData/Local/UnrealEngine/4.10/DerivedDataCache/Boot.ddc" 361
"../../../Engine/DerivedDataCache/Compressed.ddp" 362
"../../../Engine/Content/EngineFonts/Roboto.uasset" 363
"../../../Engine/Content/EngineMaterials/Widget3DPassThrough_Translucent.uasset" 364
"../../../Engine/Content/EngineMaterials/Widget3DPassThrough.uasset" 365
"../../../Engine/Content/Functions/Engine_MaterialFunctions02/Texturing/ScreenAlignedUVs.uasset" 366
"../../../Engine/Content/EngineResources/WhiteSquareTexture.uasset" 367
"../../../Engine/Content/Functions/Engine_MaterialFunctions01/Shading/PowerToRoughness.uasset" 368
"../../../Engine/Content/Functions/Engine_MaterialFunctions01/Shading/ConvertFromDiffSpec.uasset" 369
"../../../Engine/Content/EngineMaterials/WorldGridMaterial.uasset" 370
"../../../Engine/Content/Functions/Engine_MaterialFunctions01/Opacity/CameraDepthFade.uasset" 371
"../../../Engine/Content/EngineMaterials/T_Default_Material_Grid_M.uasset" 372
"../../../Engine/Content/EngineMaterials/T_Default_Material_Grid_N.uasset" 373
"../../../Engine/Content/EngineMaterials/DefaultDeferredDecalMaterial.uasset" 374
"../../../Engine/Content/EngineMaterials/DefaultDiffuse.uasset" 375
"../../../Engine/Content/EngineMaterials/DefaultLightFunctionMaterial.uasset" 376
"../../../Engine/Content/EngineMaterials/DefaultPostProcessMaterial.uasset" 377
"../../../Engine/Content/Functions/Engine_MaterialFunctions02/Utility/BreakOutFloat2Components.uasset" 378
"../../../Engine/Content/EngineResources/DefaultTexture.uasset" 379
"../../../Engine/Content/EngineMaterials/Widget3DPassThrough_Translucent_OneSided.uasset" 380
"../../../Engine/Content/EngineMaterials/Widget3DPassThrough_Opaque.uasset" 381
"../../../Engine/Content/EngineMaterials/Widget3DPassThrough_Opaque_OneSided.uasset" 382
"../../../Engine/Content/EngineMaterials/Widget3DPassThrough_Masked.uasset" 383
"../../../Engine/Content/EngineMaterials/Widget3DPassThrough_Masked_OneSided.uasset" 384
"../../../Engine/Content/EditorResources/S_Actor.uasset" 385
"C:/Users/Dennis/Documents/Unreal Projects/Descend04/Saved/Config/Windows/TemplateDefs.ini" 386
"C:/Users/Dennis/Documents/Unreal Projects/Descend04/Intermediate/Config/CoalescedSourceConfigs/TemplateDefs.ini" 387
"C:/Users/Dennis/Documents/Unreal Projects/Descend04/Saved/Config/Windows/GameplayTags.ini" 388
"C:/Users/Dennis/Documents/Unreal Projects/Descend04/Intermediate/Config/CoalescedSourceConfigs/GameplayTags.ini" 389
"../../../Engine/Content/Maps/Templates/Thumbnails/Default.uasset" 390
"../../../Engine/Content/EditorMaterials/ParticleSystems/PSysThumbnail_NoImage.uasset" 391
"../../../Engine/Content/EditorMaterials/ParticleSystems/PSysThumbnail_OOD.uasset" 392
"../../../Engine/Content/EditorLandscapeResources/DataLayer.uasset" 393
"../../../Engine/Content/EngineDamageTypes/DmgTypeBP_Environmental.uasset" 394
"..\..\..\Engine\Content\Internationalization\icudt53l\numberingSystems.res" 395
"..\..\..\Engine\Content\Internationalization\icudt53l\curr\supplementalData.res" 396
"..\..\..\Engine\Content\Internationalization\icudt53l\curr\pool.res" 397
"..\..\..\Engine\Content\Internationalization\icudt53l\curr\en.res" 398
"..\..\..\Engine\Content\Internationalization\icudt53l\curr\root.res" 399
"../../../Engine/Content/EngineMeshes/Sphere.uasset" 400
"../../../Engine/Content/EngineFonts/RobotoDistanceField.uasset" 401
"../../../Engine/Content/EngineMaterials/DefaultTextMaterialOpaque.uasset" 402
"../../../Engine/Content/EditorResources/S_Trigger.uasset" 403
"../../../Engine/Content/EngineResources/GradientTexture0.uasset" 404
"../../../Engine/Content/EngineResources/Black.uasset" 405
"../../../Engine/Content/EditorMaterials/MatineeGroups/MAT_Groups_Float.uasset" 406
"../../../Engine/Content/EditorMaterials/MatineeGroups/MAT_Groups_Director.uasset" 407
"../../../Engine/Content/EditorMaterials/MatineeGroups/MAT_Groups_Event.uasset" 408
"../../../Engine/Content/EditorMaterials/MatineeGroups/MAT_Groups_Anim.uasset" 409
"../../../Engine/Content/EditorMaterials/MatineeGroups/MAT_Groups_Fade.uasset" 410
"../../../Engine/Content/EditorMaterials/MatineeGroups/MAT_Groups_Move.uasset" 411
"../../../Engine/Content/EditorMaterials/MatineeGroups/MAT_Groups_Slomo.uasset" 412
"../../../Engine/Content/EditorMaterials/MatineeGroups/MAT_ColorTrack.uasset" 413
"../../../Engine/Content/EditorMaterials/MAT_Groups_Toggle.uasset" 414
"../../../Engine/Content/EditorMaterials/MatineeGroups/MAT_Groups_AudioMaster.uasset" 415
"../../../Engine/Content/EditorMaterials/MatineeGroups/MAT_Groups_Sound.uasset" 416
"../../../Engine/Content/EditorMaterials/MatineeGroups/MAT_Groups_Vector.uasset" 417
"../../../Engine/Content/EditorMaterials/MAT_Groups_Visibility.uasset" 418
"../../../Engine/Content/EngineResources/DefaultTextureCube.uasset" 419
"../../../Engine/Content/EngineSounds/Master.uasset" 420
"../../../Engine/Content/EngineSounds/Music.uasset" 421
"../../../Engine/Content/EngineSounds/SFX.uasset" 422
"../../../Engine/Content/EngineSounds/Normal_Attack.uasset" 423
"../../../Engine/Content/EngineSounds/Special_Attack_PSM.uasset" 424
"../../../Engine/Content/EngineSounds/Duck_Normal_Attack_MixMod.uasset" 425
"../../../Engine/Content/EngineSounds/Voice.uasset" 426
"../../../Engine/Content/EngineMeshes/Cylinder.uasset" 427
"../../../Engine/Content/EngineMaterials/DefaultMaterial.uasset" 428
"../../../Engine/Content/EngineTireTypes/DefaultTireType.uasset" 429
"../../../Engine/Content/Editor/Slate/Fonts/FontAwesome.ttf" 430
"../../../Engine/Content/Editor/Slate/Fonts/DroidSansMono.ttf" 431
"../../../Engine/Content/Editor/Slate/Fonts/Roboto-BoldCondensed.ttf" 432
"../../../Engine/Content/Editor/Slate/Fonts/Roboto-Black.ttf" 433
"../../../Engine/Content/Editor/Slate/Fonts/Roboto-Italic.ttf" 434
"../../../Engine/Content/Editor/Slate/Fonts/Roboto-BoldCondensedItalic.ttf" 435
"..\..\..\Engine\Content\Internationalization\icudt53l\coll\ucadata.icu" 436
"..\..\..\Engine\Content\Internationalization\icudt53l\nfc.nrm" 437
"..\..\..\Engine\Content\Internationalization\icudt53l\coll\en.res" 438
"..\..\..\Engine\Content\Internationalization\icudt53l\coll\root.res" 439
"../../../Engine/Content/EngineResources/AICON-Red.uasset" 440
"../../../Engine/Content/EngineResources/AICON-Green.uasset" 441
"../../../Engine/Content/Tutorial/Basics/LevelEditorOverview.uasset" 442
"../../../Engine/Content/Tutorial/Basics/TutorialAssets/icon_tab_Levels_40x.uasset" 443
"../../../Engine/Content/Tutorial/Basics/FeaturePacks.uasset" 444
"../../../Engine/Content/Tutorial/Basics/LevelEditorAttract.uasset" 445
"../../../Engine/Content/Tutorial/InWorldBlueprintEditing/IWBE_Tutorial.uasset" 446
"../../../Engine/Content/Tutorial/BlueprintTutorials/TutorialAssets/Blueprint_64x.uasset" 447
"../../../Engine/Content/Tutorial/InWorldBlueprintEditing/TutorialAssets/IWBE_Bridge1.uasset" 448
"../../../Engine/Content/Tutorial/BlueprintTutorials/BlueprintEditorTutorial.uasset" 449
"../../../Engine/Content/Tutorial/ContentIntroCurve.uasset" 450
"../../../Engine/Plugins/2D/Paper2D/Content/MaskedUnlitSpriteMaterial.uasset" 451
"../../../Engine/Plugins/2D/Paper2D/Content/DefaultSpriteMaterial.uasset" 452
"../../../Engine/Plugins/2D/Paper2D/Content/PlaceholderTextures/DummySpriteTexture.uasset" 453
"../../../Engine/Plugins/2D/Paper2D/Content/OpaqueUnlitSpriteMaterial.uasset" 454
"../../../Engine/Plugins/2D/Paper2D/Content/DefaultPaperTerrainMaterial.uasset" 455
"../../../Engine/Plugins/2D/Paper2D/Content/DummySprite.uasset" 456
"../../../Engine/Plugins/2D/Paper2D/Content/DummySpriteTexture.uasset" 457
"C:/Users/Dennis/Documents/Unreal Projects/Descend04/Content/StarterContent/Shapes/Shape_Sphere.uasset" 458
"C:/Users/Dennis/Documents/Unreal Projects/Descend04/Content/StarterContent/Materials/M_Basic_Wall.uasset" 459
"C:/Users/Dennis/AppData/Local/UnrealEngine/4.10/Saved/Config/Windows/SourceControlSettings.ini" 460
"C:/Users/Dennis/Documents/Unreal Projects/Descend04/Intermediate/Config/CoalescedSourceConfigs/SourceControlSettings.ini" 461
"C:/Users/Dennis/Documents/Unreal Projects/Descend04/Saved/Config/Windows/SourceControlSettings.ini" 462
"../../../Engine/Plugins/Runtime/LeapMotionController/Content/LM_CapsuleMesh.uasset" 463
"../../../Engine/Plugins/Runtime/LeapMotionController/Content/LM_TorusMesh.uasset" 464
"../../../Engine/Plugins/Runtime/LeapMotionController/Content/LM_HandColor.uasset" 465
"../../../Engine/Plugins/Runtime/LeapMotionController/Content/LM_PassthroughMaterial.uasset" 466
"../../../Engine/Plugins/Runtime/LeapMotionController/Content/LM_SampleDistortion.uasset" 467
"../../../Engine/Plugins/Runtime/LeapMotionController/Content/LM_TestTexture.uasset" 468
"../../../Engine/Content/BasicShapes/Cube.uasset" 469
"../../../Engine/Content/EngineMaterials/RemoveSurfaceMaterial.uasset" 470
"../../../Engine/Content/EngineDebugMaterials/DebugMeshMaterial.uasset" 471
"../../../Engine/Content/EngineMaterials/M_InvalidLightmapSettings.uasset" 472
"../../../Engine/Content/EngineMaterials/InvalidLightmapSettings.uasset" 473
"../../../Engine/Content/EditorMaterials/GizmoMaterial.uasset" 474
"../../../Engine/Content/EngineMaterials/Good64x64TilingNoiseHighFreq.uasset" 475
"../../../Engine/Content/EngineMaterials/DefaultBokeh.uasset" 476
"../../../Engine/Content/EngineMaterials/PreintegratedSkinBRDF.uasset" 477
"../../../Engine/Content/EngineMaterials/MiniFont.uasset" 478
"../../../Engine/Content/EngineMaterials/WeightMapPlaceholderTexture.uasset" 479
"../../../Engine/Content/EngineMaterials/DefaultWhiteGrid.uasset" 480
"../../../Engine/Content/EngineMaterials/DefaultPhysicalMaterial.uasset" 481
"../../../Engine/Content/EngineFonts/RobotoTiny.uasset" 482
"C:/Users/Dennis/Documents/Unreal Projects/Descend04/Intermediate/CachedAssetRegistry.bin" 483
"C:/Users/Dennis/Documents/Unreal Projects/Descend04/Saved/Autosaves/Game/AggroCheck_Auto3.uasset" 484
"C:/Users/Dennis/Documents/Unreal Projects/Descend04/Saved/Autosaves/Game/AggroCheck_Auto4.uasset" 485
"C:/Users/Dennis/Documents/Unreal Projects/Descend04/Saved/Autosaves/Game/AIController1_Auto1.uasset" 486
"C:/Users/Dennis/Documents/Unreal Projects/Descend04/Saved/Autosaves/Game/AIController1_Auto2.uasset" 487
"C:/Users/Dennis/Documents/Unreal Projects/Descend04/Saved/Autosaves/Game/BTService_BlueprintBase_New_Auto3.uasset" 488
"C:/Users/Dennis/Documents/Unreal Projects/Descend04/Saved/Autosaves/Game/FollowerBlackboard_Auto1.uasset" 489
"C:/Users/Dennis/Documents/Unreal Projects/Descend04/Saved/Autosaves/Game/FollowerBT_Auto1.uasset" 490
"C:/Users/Dennis/Documents/Unreal Projects/Descend04/Saved/Autosaves/Game/FollowerBT_Auto3.uasset" 491
"C:/Users/Dennis/Documents/Unreal Projects/Descend04/Saved/Autosaves/Game/NewBlueprint_Auto1.uasset" 492
"C:/Users/Dennis/Documents/Unreal Projects/Descend04/Saved/Autosaves/Game/TopDownBP/Maps/TopDownExampleMap_Auto1.umap" 493
"C:/Users/Dennis/Documents/Unreal Projects/Descend04/Saved/Autosaves/Game/TopDownBP/Maps/TopDownExampleMap_Auto2.umap" 494
"C:/Users/Dennis/Documents/Unreal Projects/Descend04/Saved/Autosaves/Game/TopDownBP/Maps/TopDownExampleMap_Auto3.umap" 495
"../../../Engine/Config/HTML5/HTML5Engine.ini" 496
"../../../Engine/Content/MobileResources/HUD/VirtualJoystick_Thumb.uasset" 497
"C:/Users/Dennis/Documents/Unreal Projects/Descend04/Content/TopDownBP/Blueprints/TopDownGameMode.uasset" 498
"C:/Users/Dennis/Documents/Unreal Projects/Descend04/Content/TopDownBP/Blueprints/TopDownCharacter.uasset" 499
"C:/Users/Dennis/Documents/Unreal Projects/Descend04/Content/Mannequin/Animations/ThirdPerson_AnimBP.uasset" 500
"C:/Users/Dennis/Documents/Unreal Projects/Descend04/Content/Mannequin/Animations/ThirdPerson_Jump.uasset" 501
"C:/Users/Dennis/Documents/Unreal Projects/Descend04/Content/Mannequin/Character/Mesh/UE4_Mannequin_Skeleton.uasset" 502
"C:/Users/Dennis/Documents/Unreal Projects/Descend04/Content/Mannequin/Animations/ThirdPersonJump_Loop.uasset" 503
"C:/Users/Dennis/Documents/Unreal Projects/Descend04/Content/Mannequin/Animations/ThirdPersonJump_Start.uasset" 504
"C:/Users/Dennis/Documents/Unreal Projects/Descend04/Content/Mannequin/Animations/ThirdPerson_IdleRun_2D.uasset" 505
"C:/Users/Dennis/Documents/Unreal Projects/Descend04/Content/Mannequin/Animations/ThirdPersonIdle.uasset" 506
"C:/Users/Dennis/Documents/Unreal Projects/Descend04/Content/Mannequin/Animations/ThirdPersonRun.uasset" 507
"C:/Users/Dennis/Documents/Unreal Projects/Descend04/Content/Mannequin/Animations/ThirdPersonWalk.uasset" 508
"../../../Engine/Content/EditorBlueprintResources/StandardMacros.uasset" 509
"C:/Users/Dennis/Documents/Unreal Projects/Descend04/Content/Mannequin/Character/Mesh/SK_Mannequin.uasset" 510
"C:/Users/Dennis/Documents/Unreal Projects/Descend04/Content/Mannequin/Character/Materials/M_UE4Man_Body.uasset" 511
"../../../Engine/Content/Functions/Engine_MaterialFunctions02/Utility/BlendAngleCorrectedNormals.uasset" 512
"../../../Engine/Content/Functions/MaterialLayerFunctions/MatLayerBlend_NormalBlend.uasset" 513
"../../../Engine/Content/Functions/MaterialLayerFunctions/MatLayerBlend_Simple.uasset" 514
"C:/Users/Dennis/Documents/Unreal Projects/Descend04/Content/Mannequin/Character/Materials/MaterialLayers/ML_GlossyBlack_Latex_UE4.uasset" 515
"C:/Users/Dennis/Documents/Unreal Projects/Descend04/Content/Mannequin/Character/Materials/MaterialLayers/T_ML_Rubber_Blue_01_D.uasset" 516
"C:/Users/Dennis/Documents/Unreal Projects/Descend04/Content/Mannequin/Character/Materials/MaterialLayers/T_ML_Rubber_Blue_01_N.uasset" 517
"C:/Users/Dennis/Documents/Unreal Projects/Descend04/Content/Mannequin/Character/Materials/MaterialLayers/ML_Plastic_Shiny_Beige.uasset" 518
"C:/Users/Dennis/Documents/Unreal Projects/Descend04/Content/Mannequin/Character/Materials/MaterialLayers/ML_Plastic_Shiny_Beige_LOGO.uasset" 519
"C:/Users/Dennis/Documents/Unreal Projects/Descend04/Content/Mannequin/Character/Textures/UE4_LOGO_CARD.uasset" 520
"C:/Users/Dennis/Documents/Unreal Projects/Descend04/Content/Mannequin/Character/Materials/MaterialLayers/ML_SoftMetal_UE4.uasset" 521
"C:/Users/Dennis/Documents/Unreal Projects/Descend04/Content/Mannequin/Character/Materials/MaterialLayers/T_ML_Aluminum01.uasset" 522
"C:/Users/Dennis/Documents/Unreal Projects/Descend04/Content/Mannequin/Character/Materials/MaterialLayers/T_ML_Aluminum01_N.uasset" 523
"C:/Users/Dennis/Documents/Unreal Projects/Descend04/Content/Mannequin/Character/Textures/UE4_Mannequin__normals.uasset" 524
"C:/Users/Dennis/Documents/Unreal Projects/Descend04/Content/Mannequin/Character/Textures/UE4_Mannequin_MAT_MASKA.uasset" 525
"C:/Users/Dennis/Documents/Unreal Projects/Descend04/Content/Mannequin/Character/Materials/M_UE4Man_ChestLogo.uasset" 526
"C:/Users/Dennis/Documents/Unreal Projects/Descend04/Content/Mannequin/Character/Textures/UE4Man_Logo_N.uasset" 527
"C:/Users/Dennis/Documents/Unreal Projects/Descend04/Content/Mannequin/Character/Mesh/SK_Mannequin_PhysicsAsset.uasset" 528
"C:/Users/Dennis/Documents/Unreal Projects/Descend04/Content/TopDownBP/Blueprints/TopDownController.uasset" 529
"../../../Engine/Content/EditorResources/BSPVertex.uasset" 530
"../../../Engine/Content/EngineDebugMaterials/GeomMaterial.uasset" 531
"../../../Engine/Content/EngineDebugMaterials/BoneWeightMaterial.uasset" 532
"../../../Engine/Content/EngineDebugMaterials/HeatmapGradient.uasset" 533
"../../../Engine/Content/EditorMaterials/PhAT_JointLimitMaterial.uasset" 534
"../../../Engine/Content/EditorMaterials/PreviewShadowIndicatorMaterial.uasset" 535
"../../../Engine/Content/EditorMaterials/PreviewShadowIndicator.uasset" 536
"../../../Engine/Content/EngineMaterials/EditorBrushMaterial.uasset" 537
"../../../Engine/Content/EditorMeshes/ColorCalibrator/SM_ColorCalibrator.uasset" 538
"../../../Engine/Content/EditorMeshes/ColorCalibrator/M_ChromeBall.uasset" 539
"../../../Engine/Content/EditorMeshes/ColorCalibrator/M_ClearCoat.uasset" 540
"../../../Engine/Content/EditorMeshes/ColorCalibrator/M_ClearCoatBlack.uasset" 541
"../../../Engine/Content/EditorMeshes/ColorCalibrator/M_ColorGrid.uasset" 542
"../../../Engine/Content/EditorMeshes/ColorCalibrator/T_ColorGrid.uasset" 543
"../../../Engine/Content/EditorMeshes/ColorCalibrator/M_GreyBall.uasset" 544
"../../../Engine/Content/Tutorial/SubEditors/TutorialAssets/icon_Editor_Preferences_General_40x.uasset" 545
"../../../Engine/Content/Tutorial/Paper2D/TutorialAssets/Paper2DSprite_TutorialIcon.uasset" 546
"../../../Engine/Content/Tutorial/SubEditors/TutorialAssets/icon_ShowSkeletalMeshes_40x.uasset" 547
"../../../Engine/Content/Tutorial/Landscape/TutorialAssets/Landscape.uasset" 548
"../../../Engine/Content/Tutorial/Foliage/TutorialAssets/Foliage.uasset" 549
"../../../Engine/Content/Tutorial/SubEditors/StaticMeshEditorTutorial.uasset" 550
"../../../Engine/Content/EngineMeshes/Cube.uasset" 551
"../../../Engine/Content/Tutorial/BlueprintTutorials/BlueprintMacroLibrariesEditorOverview.uasset" 552
"../../../Engine/Content/Tutorial/BlueprintTutorials/TutorialAssets/BlueprintMacroLibrary_64x.uasset" 553
"../../../Engine/Content/Tutorial/BlueprintTutorials/TutorialAssets/Tutorial_BP_MacroLib.uasset" 554
"../../../Engine/Content/Tutorial/BlueprintTutorials/BlueprintInterfacesEditorOverview.uasset" 555
"../../../Engine/Content/Tutorial/BlueprintTutorials/TutorialAssets/BlueprintInterface_64x.uasset" 556
"../../../Engine/Content/Tutorial/BlueprintTutorials/TutorialAssets/Tutorial_BP_Interface.uasset" 557
"../../../Engine/Content/Tutorial/BlueprintTutorials/LevelBlueprintEditorOverview.uasset" 558
"../../../Engine/Content/Tutorial/SubEditors/DestructibleMeshEditorTutorial.uasset" 559
"../../../Engine/Content/Tutorial/SubEditors/TutorialAssets/Tutorial_DM.uasset" 560
"../../../Engine/Content/EditorMeshes/EditorCube.uasset" 561
"../../../Engine/Content/Tutorial/SubEditors/MaterialEditorTutorial.uasset" 562
"../../../Engine/Content/Tutorial/SubEditors/TutorialAssets/TutorialMaterial.uasset" 563
"../../../Engine/Content/Tutorial/SubEditors/ParticleSystemEditorTutorial.uasset" 564
"../../../Engine/Content/Tutorial/SubEditors/TutorialAssets/TutorialParticleSystem.uasset" 565
"../../../Engine/Content/Tutorial/SubEditors/TutorialAssets/M_smoke_subUV_blackbody.uasset" 566
"../../../Engine/Content/Tutorial/SubEditors/TutorialAssets/T_SmokeSubUV_8X8.uasset" 567
"../../../Engine/Content/Tutorial/SubEditors/TutorialAssets/T_soft_smoke.uasset" 568
"../../../Engine/Content/Tutorial/SubEditors/PersonaAnimEditorWalkThrough.uasset" 569
"../../../Engine/Content/Tutorial/SubEditors/TutorialAssets/Character/NewBlendSpace1D.uasset" 570
"../../../Engine/Content/Tutorial/SubEditors/TutorialAssets/Character/Tutorial_Idle.uasset" 571
"../../../Engine/Content/Tutorial/SubEditors/TutorialAssets/Character/TutorialTPP_Skeleton.uasset" 572
"../../../Engine/Content/Tutorial/SubEditors/TutorialAssets/Character/Tutorial_Walk_Fwd.uasset" 573
"../../../Engine/Content/Tutorial/SubEditors/TutorialAssets/Character/TutorialTPP.uasset" 574
"../../../Engine/Content/Tutorial/SubEditors/TutorialAssets/Character/TutorialTPP_Mat.uasset" 575
"../../../Engine/Content/Tutorial/SubEditors/TutorialAssets/Character/TutorialTPP_PhysicsAsset.uasset" 576
"../../../Engine/Content/Tutorial/SubEditors/PersonaAnimBlueprintEditorWalkthrough.uasset" 577
"../../../Engine/Content/Tutorial/SubEditors/TutorialAssets/Character/TutorialTPP_AnimBlueprint.uasset" 578
"../../../Engine/Content/Tutorial/SubEditors/TutorialAssets/Character/TutorialCharacter.uasset" 579
"../../../Engine/Content/Tutorial/Paper2D/SpriteEditorTutorial.uasset" 580
"../../../Engine/Content/Tutorial/Paper2D/FlipbookEditorTutorial.uasset" 581
"../../../Engine/Content/Tutorial/Paper2D/TutorialAssets/Paper2DFlipbook_TutorialIcon.uasset" 582
"../../../Engine/Content/Tutorial/Landscape/Landscape_Manage_Mode.uasset" 583
"../../../Engine/Content/Tutorial/Landscape/Landscape_Sculpt_Mode.uasset" 584
"../../../Engine/Content/Tutorial/Landscape/Landscape_Painting_Mode.uasset" 585
"../../../Engine/Content/Tutorial/Foliage/Foliage_Intro_Tutorial.uasset" 586
"../../../Engine/Content/Tutorial/Foliage/Foliage_Using_The_Tool_Tutorial.uasset" 587
"../../../Engine/Content/Tutorial/Foliage/Foliage_Settings_Tutorial.uasset" 588
"../../../Engine/Content/Tutorial/InWorldBlueprintEditing/IWBE_Tutorial_Part2.uasset" 589
"../../../Engine/Content/Tutorial/InWorldBlueprintEditing/IWBE_Tutorial_Part3.uasset" 590
"../../../Engine/Content/MobileResources/HUD/MobileHUDDirectionStick.uasset" 591
"C:/Users/Dennis/Documents/Unreal Projects/Descend04/Content/Mannequin/Animations/ThirdPersonJump_End.uasset" 592
"C:/Users/Dennis/Documents/Unreal Projects/Descend04/Content/Geometry/Meshes/TemplateFloor.uasset" 593
"C:/Users/Dennis/Documents/Unreal Projects/Descend04/Content/Geometry/Meshes/CubeMaterial.uasset" 594
"C:/Users/Dennis/Documents/Unreal Projects/Descend04/Content/Geometry/Meshes/1M_Cube_Chamfer.uasset" 595
"C:/Users/Dennis/Documents/Unreal Projects/Descend04/Content/Geometry/Meshes/1M_Cube.uasset" 596
"C:/Users/Dennis/Documents/Unreal Projects/Descend04/Content/NewBlueprint.uasset" 597
"C:/Users/Dennis/Documents/Unreal Projects/Descend04/Content/FollowerBT.uasset" 598
"C:/Users/Dennis/Documents/Unreal Projects/Descend04/Content/FollowerBlackboard.uasset" 599
"C:/Users/Dennis/Documents/Unreal Projects/Descend04/Content/BTService_BlueprintBase_New.uasset" 600
"C:/Users/Dennis/Documents/Unreal Projects/Descend04/Content/AI_Character.uasset" 601
"C:/Users/Dennis/Documents/Unreal Projects/Descend04/Content/AIController1.uasset" 602
"C:/Users/Dennis/Documents/Unreal Projects/Descend04/Content/AggroCheck.uasset" 603
"../../../Engine/Content/MobileResources/HUD/VirtualJoystick_Background.uasset" 604
"../../../Engine/Content/MobileResources/HUD/T_Castle_ThumbstickInner.uasset" 605
"../../../Engine/Content/MobileResources/HUD/MobileHUDDirectionPad2.uasset" 606
"C:/Users/Dennis/Documents/Unreal Projects/Descend04/Content/StarterContent/Textures/T_Rock_Sandstone_D.uasset" 607
"../../../Engine/Content/MobileResources/HUD/MobileHUDButtonFire.uasset" 608
"C:/Users/Dennis/Documents/Unreal Projects/Descend04/Content/StarterContent/Blueprints/Blueprint_Effect_Fire.uasset" 609
"C:/Users/Dennis/Documents/Unreal Projects/Descend04/Content/StarterContent/Audio/Fire01_Cue.uasset" 610
"C:/Users/Dennis/Documents/Unreal Projects/Descend04/Content/StarterContent/Audio/Fire01.uasset" 611
"C:/Users/Dennis/Documents/Unreal Projects/Descend04/Content/StarterContent/Particles/P_Fire.uasset" 612
"C:/Users/Dennis/Documents/Unreal Projects/Descend04/Content/StarterContent/Particles/Materials/M_Fire_SubUV.uasset" 613
"C:/Users/Dennis/Documents/Unreal Projects/Descend04/Content/StarterContent/Textures/T_Fire_SubUV.uasset" 614
"C:/Users/Dennis/Documents/Unreal Projects/Descend04/Content/StarterContent/Textures/T_Fire_Tiled_D.uasset" 615
"C:/Users/Dennis/Documents/Unreal Projects/Descend04/Content/StarterContent/Particles/Materials/M_Heat_Distortion.uasset" 616
"C:/Users/Dennis/Documents/Unreal Projects/Descend04/Content/StarterContent/Textures/T_Water_N.uasset" 617
"C:/Users/Dennis/Documents/Unreal Projects/Descend04/Content/StarterContent/Particles/Materials/M_Radial_Gradient.uasset" 618
"../../../Engine/Content/Functions/Engine_MaterialFunctions01/Gradient/RadialGradient.uasset" 619
"C:/Users/Dennis/Documents/Unreal Projects/Descend04/Content/StarterContent/Particles/Materials/M_smoke_subUV.uasset" 620
"C:/Users/Dennis/Documents/Unreal Projects/Descend04/Content/StarterContent/Textures/T_Smoke_SubUV.uasset" 621
"C:/Users/Dennis/Documents/Unreal Projects/Descend04/Content/StarterContent/Textures/T_Smoke_Tiled_D.uasset" 622
"C:/Users/Dennis/Documents/Unreal Projects/Descend04/Content/StarterContent/Blueprints/Blueprint_Effect_Explosion.uasset" 623
"C:/Users/Dennis/Documents/Unreal Projects/Descend04/Content/StarterContent/Audio/Explosion_Cue.uasset" 624
"C:/Users/Dennis/Documents/Unreal Projects/Descend04/Content/StarterContent/Audio/Explosion01.uasset" 625
"C:/Users/Dennis/Documents/Unreal Projects/Descend04/Content/StarterContent/Audio/Explosion02.uasset" 626
"C:/Users/Dennis/Documents/Unreal Projects/Descend04/Content/StarterContent/Particles/P_Explosion.uasset" 627
"C:/Users/Dennis/Documents/Unreal Projects/Descend04/Content/StarterContent/Particles/Materials/M_Burst.uasset" 628
"C:/Users/Dennis/Documents/Unreal Projects/Descend04/Content/StarterContent/Textures/T_Burst_M.uasset" 629
"C:/Users/Dennis/Documents/Unreal Projects/Descend04/Content/StarterContent/Particles/Materials/M_explosion_subUV.uasset" 630
"C:/Users/Dennis/Documents/Unreal Projects/Descend04/Content/StarterContent/Textures/T_Explosion_SubUV.uasset" 631
"C:/Users/Dennis/Documents/Unreal Projects/Descend04/Content/StarterContent/Particles/Materials/m_flare_01.uasset" 632
"C:/Users/Dennis/Documents/Unreal Projects/Descend04/Content/StarterContent/Particles/Materials/M_radial_ramp.uasset" 633
"C:/Users/Dennis/Documents/Unreal Projects/Descend04/Content/StarterContent/Blueprints/Blueprint_CeilingLight.uasset" 634
"C:/Users/Dennis/Documents/Unreal Projects/Descend04/Content/StarterContent/Props/SM_Lamp_Ceiling.uasset" 635
"C:/Users/Dennis/Documents/Unreal Projects/Descend04/Content/StarterContent/Props/Materials/M_Lamp.uasset" 636
"C:/Users/Dennis/Documents/Unreal Projects/Descend04/Content/StarterContent/Textures/T_Lamp_M.uasset" 637
"C:/Users/Dennis/Documents/Unreal Projects/Descend04/Content/StarterContent/Textures/T_Lamp_N.uasset" 638
"C:/Users/Dennis/Documents/Unreal Projects/Descend04/Content/StarterContent/Audio/Steam01_Cue.uasset" 639
"C:/Users/Dennis/Documents/Unreal Projects/Descend04/Content/StarterContent/Audio/Steam01.uasset" 640
"C:/Users/Dennis/Documents/Unreal Projects/Descend04/Content/StarterContent/Audio/Starter_Wind06.uasset" 641
"C:/Users/Dennis/Documents/Unreal Projects/Descend04/Content/StarterContent/Audio/Starter_Wind05.uasset" 642
"C:/Users/Dennis/Documents/Unreal Projects/Descend04/Content/StarterContent/Audio/Starter_Music_Cue.uasset" 643
"C:/Users/Dennis/Documents/Unreal Projects/Descend04/Content/StarterContent/Audio/Starter_Music01.uasset" 644
"C:/Users/Dennis/Documents/Unreal Projects/Descend04/Content/StarterContent/Audio/Starter_Birds01.uasset" 645
"C:/Users/Dennis/Documents/Unreal Projects/Descend04/Content/StarterContent/Audio/Starter_Background_Cue.uasset" 646
"C:/Users/Dennis/Documents/Unreal Projects/Descend04/Content/StarterContent/Audio/Smoke01_Cue.uasset" 647
"C:/Users/Dennis/Documents/Unreal Projects/Descend04/Content/StarterContent/Audio/Smoke01.uasset" 648
"C:/Users/Dennis/Documents/Unreal Projects/Descend04/Content/StarterContent/Audio/Light02_Cue.uasset" 649
"C:/Users/Dennis/Documents/Unreal Projects/Descend04/Content/StarterContent/Audio/Light02.uasset" 650
"C:/Users/Dennis/Documents/Unreal Projects/Descend04/Content/StarterContent/Audio/Light01_Cue.uasset" 651
"C:/Users/Dennis/Documents/Unreal Projects/Descend04/Content/StarterContent/Audio/Light01.uasset" 652
"C:/Users/Dennis/Documents/Unreal Projects/Descend04/Content/StarterContent/Audio/Fire_Sparks01_Cue.uasset" 653
"C:/Users/Dennis/Documents/Unreal Projects/Descend04/Content/StarterContent/Audio/Fire_Sparks01.uasset" 654
"C:/Users/Dennis/Documents/Unreal Projects/Descend04/Content/StarterContent/Audio/Collapse_Cue.uasset" 655
"C:/Users/Dennis/Documents/Unreal Projects/Descend04/Content/StarterContent/Audio/Collapse01.uasset" 656
"C:/Users/Dennis/Documents/Unreal Projects/Descend04/Content/StarterContent/Audio/Collapse02.uasset" 657
"C:/Users/Dennis/Documents/Unreal Projects/Descend04/Content/StarterContent/Architecture/Wall_Window_400x400.uasset" 658
"C:/Users/Dennis/Documents/Unreal Projects/Descend04/Content/StarterContent/Architecture/Wall_Window_400x300.uasset" 659
"C:/Users/Dennis/Documents/Unreal Projects/Descend04/Content/StarterContent/Architecture/Wall_Door_400x400.uasset" 660
"C:/Users/Dennis/Documents/Unreal Projects/Descend04/Content/StarterContent/Architecture/Wall_Door_400x300.uasset" 661
"C:/Users/Dennis/Documents/Unreal Projects/Descend04/Content/StarterContent/Architecture/Wall_500x500.uasset" 662
"C:/Users/Dennis/Documents/Unreal Projects/Descend04/Content/StarterContent/Architecture/Wall_400x400.uasset" 663
"C:/Users/Dennis/Documents/Unreal Projects/Descend04/Content/StarterContent/Architecture/Wall_400x300.uasset" 664
"C:/Users/Dennis/Documents/Unreal Projects/Descend04/Content/StarterContent/Architecture/Wall_400x200.uasset" 665
"C:/Users/Dennis/Documents/Unreal Projects/Descend04/Content/StarterContent/Architecture/SM_AssetPlatform.uasset" 666
"C:/Users/Dennis/Documents/Unreal Projects/Descend04/Content/StarterContent/Materials/M_AssetPlatform.uasset" 667
"C:/Users/Dennis/Documents/Unreal Projects/Descend04/Content/StarterContent/Architecture/Pillar_50x500.uasset" 668
"C:/Users/Dennis/Documents/Unreal Projects/Descend04/Content/StarterContent/Architecture/Floor_400x400.uasset" 669
"C:/Users/Dennis/Documents/Unreal Projects/Descend04/Content/StarterContent/Materials/M_Basic_Floor.uasset" 670
"C:/Users/Dennis/AppData/Local/UnrealEngine/Common/DerivedDataCache/6/8/5/PHYSX_1D9C17C451EA4FB88CB7A27536A65DB0_PHYSXPC_CC83B18C46C521503573AF83C3E3A3D__0820A26923670F5B3B8E118F641F4E7115BC1023.udd" 671
"C:/Users/Dennis/Documents/Unreal Projects/Descend04/Content/StarterContent/Textures/T_Tech_Hex_Tile_M.uasset" 672
"C:/Users/Dennis/Documents/Unreal Projects/Descend04/Content/StarterContent/Textures/T_Frame_N.uasset" 673
"C:/Users/Dennis/Documents/Unreal Projects/Descend04/Content/StarterContent/Shapes/Shape_Torus.uasset" 674
"C:/Users/Dennis/Documents/Unreal Projects/Descend04/Content/StarterContent/Shapes/Shape_QuadPyramid.uasset" 675
"C:/Users/Dennis/Documents/Unreal Projects/Descend04/Content/StarterContent/Shapes/Shape_Plane.uasset" 676
"C:/Users/Dennis/Documents/Unreal Projects/Descend04/Content/StarterContent/Shapes/Shape_Pipe_90.uasset" 677
"C:/Users/Dennis/Documents/Unreal Projects/Descend04/Content/StarterContent/Shapes/Shape_Pipe_180.uasset" 678
"C:/Users/Dennis/Documents/Unreal Projects/Descend04/Content/StarterContent/Shapes/Shape_Pipe.uasset" 679
"C:/Users/Dennis/Documents/Unreal Projects/Descend04/Content/StarterContent/Shapes/Shape_NarrowCapsule.uasset" 680
"C:/Users/Dennis/Documents/Unreal Projects/Descend04/Content/StarterContent/Shapes/Shape_Cylinder.uasset" 681
"C:/Users/Dennis/Documents/Unreal Projects/Descend04/Content/StarterContent/Shapes/Shape_Cube.uasset" 682
"C:/Users/Dennis/Documents/Unreal Projects/Descend04/Content/StarterContent/Shapes/Shape_Cone.uasset" 683
"C:/Users/Dennis/Documents/Unreal Projects/Descend04/Content/StarterContent/Props/Materials/M_TableRound.uasset" 684
"C:/Users/Dennis/Documents/Unreal Projects/Descend04/Content/StarterContent/Textures/T_TableRound_M.uasset" 685
"C:/Users/Dennis/Documents/Unreal Projects/Descend04/Content/StarterContent/Textures/T_TableRound_N.uasset" 686
"C:/Users/Dennis/Documents/Unreal Projects/Descend04/Content/StarterContent/Props/Materials/M_StatueGlass.uasset" 687
"C:/Users/Dennis/Documents/Unreal Projects/Descend04/Content/StarterContent/Textures/T_Statue_M.uasset" 688
"C:/Users/Dennis/Documents/Unreal Projects/Descend04/Content/StarterContent/Textures/T_Statue_N.uasset" 689
"C:/Users/Dennis/AppData/Local/Temp/UnrealShaderWorkingDir/7E78935840F7B82FB0A92DAA096483AB/0/WorkerOutputOnly.out" 690
"C:/Users/Dennis/AppData/Local/Temp/UnrealShaderWorkingDir/7E78935840F7B82FB0A92DAA096483AB/1/WorkerOutputOnly.out" 691
"C:/Users/Dennis/AppData/Local/Temp/UnrealShaderWorkingDir/7E78935840F7B82FB0A92DAA096483AB/2/WorkerOutputOnly.out" 692
"C:/Users/Dennis/Documents/Unreal Projects/Descend04/Content/StarterContent/Textures/T_Wood_Walnut_N.uasset" 693
"../../../Engine/Content/MobileResources/HUD/T_Castle_ThumbstickOutter.uasset" 694
"../../../Engine/Content/MobileResources/HUD/MobileHUDButton3.uasset" 695
"../../../Engine/Content/MobileResources/HUD/MobileHUDButton2_off.uasset" 696
"C:/Users/Dennis/Documents/Unreal Projects/Descend04/Content/StarterContent/Textures/T_CobbleStone_Pebble_M.uasset" 697
"C:/Users/Dennis/Documents/Unreal Projects/Descend04/Content/StarterContent/Textures/T_Detail_Rocky_N.uasset" 698
"C:/Users/Dennis/Documents/Unreal Projects/Descend04/Content/StarterContent/Maps/Minimal_Default.umap" 699
"../../../Engine/Content/EngineSky/BP_Sky_Sphere.uasset" 700
"../../../Engine/Content/EngineSky/C_Sky_Cloud_Color.uasset" 701
"../../../Engine/Content/EngineSky/C_Sky_Horizon_Color.uasset" 702
"../../../Engine/Content/EngineSky/C_Sky_Zenith_Color.uasset" 703
"../../../Engine/Content/EngineSky/M_Sky_Panning_Clouds2.uasset" 704
"../../../Engine/Content/EngineSky/T_Sky_Blue.uasset" 705
"../../../Engine/Content/EngineSky/T_Sky_Clouds_M.uasset" 706
"../../../Engine/Content/EngineSky/T_Sky_Stars.uasset" 707
"../../../Engine/Content/EngineSky/SM_SkySphere.uasset" 708
"C:/Users/Dennis/Documents/Unreal Projects/Descend04/Content/StarterContent/Materials/M_Metal_Brushed_Nickel.uasset" 709
"C:/Users/Dennis/Documents/Unreal Projects/Descend04/Content/StarterContent/Textures/T_MacroVariation.uasset" 710
"C:/Users/Dennis/Documents/Unreal Projects/Descend04/Content/StarterContent/Materials/M_Metal_Burnished_Steel.uasset" 711
"C:/Users/Dennis/Documents/Unreal Projects/Descend04/Content/StarterContent/Textures/T_Metal_Aluminum_D.uasset" 712
"C:/Users/Dennis/Documents/Unreal Projects/Descend04/Content/StarterContent/Textures/T_Metal_Gold_N.uasset" 713
"C:/Users/Dennis/Documents/Unreal Projects/Descend04/Content/StarterContent/Materials/M_Metal_Copper.uasset" 714
"C:/Users/Dennis/Documents/Unreal Projects/Descend04/Content/StarterContent/Textures/T_Metal_Copper_D.uasset" 715
"C:/Users/Dennis/Documents/Unreal Projects/Descend04/Content/StarterContent/Props/Materials/M_Chair.uasset" 716
"C:/Users/Dennis/Documents/Unreal Projects/Descend04/Content/StarterContent/Textures/T_Chair_M.uasset" 717
"C:/Users/Dennis/Documents/Unreal Projects/Descend04/Content/StarterContent/Textures/T_Chair_N.uasset" 718
"C:/Users/Dennis/Documents/Unreal Projects/Descend04/Content/StarterContent/Props/SM_Chair.uasset" 719
"C:/Users/Dennis/Documents/Unreal Projects/Descend04/Content/StarterContent/Props/SM_Statue.uasset" 720
"C:/Users/Dennis/Documents/Unreal Projects/Descend04/Content/StarterContent/Props/Materials/M_Statue.uasset" 721
"C:/Users/Dennis/Documents/Unreal Projects/Descend04/Content/StarterContent/Props/SM_TableRound.uasset" 722
"../../../Engine/Content/EditorResources/EmptyActor.uasset" 723
"../../../Engine/Content/EditorResources/AudioIcons/S_AudioComponent_AutoActivate.uasset" 724
"C:/Users/Dennis/Documents/Unreal Projects/Descend04/Content/StarterContent/Shapes/Shape_Trim.uasset" 725
"C:/Users/Dennis/Documents/Unreal Projects/Descend04/Content/StarterContent/Props/Materials/M_Shelf.uasset" 726
"C:/Users/Dennis/Documents/Unreal Projects/Descend04/Content/StarterContent/Textures/T_Shelf_M.uasset" 727
"C:/Users/Dennis/Documents/Unreal Projects/Descend04/Content/StarterContent/Textures/T_Shelf_N.uasset" 728
"C:/Users/Dennis/Documents/Unreal Projects/Descend04/Content/StarterContent/Props/Materials/M_Rock.uasset" 729
"C:/Users/Dennis/Documents/Unreal Projects/Descend04/Content/StarterContent/Textures/T_Rock_Basalt_D.uasset" 730
"C:/Users/Dennis/Documents/Unreal Projects/Descend04/Content/StarterContent/Textures/T_RockMesh_M.uasset" 731
"C:/Users/Dennis/Documents/Unreal Projects/Descend04/Content/StarterContent/Textures/T_RockMesh_N.uasset" 732
"C:/Users/Dennis/Documents/Unreal Projects/Descend04/Content/StarterContent/Props/Materials/M_MaterialSphere_Plain.uasset" 733
"C:/Users/Dennis/Documents/Unreal Projects/Descend04/Content/StarterContent/Props/Materials/M_MaterialSphere.uasset" 734
"C:/Users/Dennis/Documents/Unreal Projects/Descend04/Content/StarterContent/Props/Materials/M_Frame.uasset" 735
"C:/Users/Dennis/Documents/Unreal Projects/Descend04/Content/StarterContent/Textures/T_Frame_M.uasset" 736
"C:/Users/Dennis/Documents/Unreal Projects/Descend04/Content/StarterContent/Props/Materials/M_Door.uasset" 737
"C:/Users/Dennis/Documents/Unreal Projects/Descend04/Content/StarterContent/Textures/T_Door_M.uasset" 738
"C:/Users/Dennis/Documents/Unreal Projects/Descend04/Content/StarterContent/Textures/T_Door_N.uasset" 739
"C:/Users/Dennis/Documents/Unreal Projects/Descend04/Content/StarterContent/Props/Materials/M_Bush.uasset" 740
"C:/Users/Dennis/Documents/Unreal Projects/Descend04/Content/StarterContent/Textures/T_Bush_D.uasset" 741
"C:/Users/Dennis/Documents/Unreal Projects/Descend04/Content/StarterContent/Textures/T_Bush_N.uasset" 742
"C:/Users/Dennis/Documents/Unreal Projects/Descend04/Content/StarterContent/Props/SM_WindowFrame.uasset" 743
"C:/Users/Dennis/Documents/Unreal Projects/Descend04/Content/StarterContent/Props/SM_Stairs.uasset" 744
"C:/Users/Dennis/Documents/Unreal Projects/Descend04/Content/StarterContent/Props/SM_Shelf.uasset" 745
"C:/Users/Dennis/Documents/Unreal Projects/Descend04/Content/StarterContent/Props/SM_Rock.uasset" 746
"C:/Users/Dennis/Documents/Unreal Projects/Descend04/Content/StarterContent/Props/SM_PillarFrame300.uasset" 747
"C:/Users/Dennis/Documents/Unreal Projects/Descend04/Content/StarterContent/Props/SM_PillarFrame.uasset" 748
"C:/Users/Dennis/Documents/Unreal Projects/Descend04/Content/StarterContent/Props/SM_MatPreviewMesh_02.uasset" 749
"C:/Users/Dennis/Documents/Unreal Projects/Descend04/Content/StarterContent/Props/SM_Lamp_Wall.uasset" 750
"C:/Users/Dennis/Documents/Unreal Projects/Descend04/Content/StarterContent/Props/SM_GlassWindow.uasset" 751
"C:/Users/Dennis/Documents/Unreal Projects/Descend04/Content/StarterContent/Materials/M_Glass.uasset" 752
"C:/Users/Dennis/Documents/Unreal Projects/Descend04/Content/StarterContent/Props/SM_DoorFrame.uasset" 753
"C:/Users/Dennis/Documents/Unreal Projects/Descend04/Content/StarterContent/Props/SM_Door.uasset" 754
"C:/Users/Dennis/Documents/Unreal Projects/Descend04/Content/StarterContent/Props/SM_Couch.uasset" 755
"C:/Users/Dennis/Documents/Unreal Projects/Descend04/Content/StarterContent/Props/SM_CornerFrame.uasset" 756
"C:/Users/Dennis/Documents/Unreal Projects/Descend04/Content/StarterContent/Props/SM_Bush.uasset" 757
"C:/Users/Dennis/Documents/Unreal Projects/Descend04/Content/StarterContent/Props/MaterialSphere.uasset" 758
"C:/Users/Dennis/Documents/Unreal Projects/Descend04/Content/StarterContent/Particles/Materials/M_Spark.uasset" 759
"C:/Users/Dennis/Documents/Unreal Projects/Descend04/Content/StarterContent/Textures/T_Spark_Core.uasset" 760
"C:/Users/Dennis/Documents/Unreal Projects/Descend04/Content/StarterContent/Particles/Materials/M_Dust_Particle.uasset" 761
"C:/Users/Dennis/Documents/Unreal Projects/Descend04/Content/StarterContent/Textures/T_Dust_Particle_D.uasset" 762
"C:/Users/Dennis/Documents/Unreal Projects/Descend04/Content/StarterContent/Particles/P_Steam_Lit.uasset" 763
"C:/Users/Dennis/Documents/Unreal Projects/Descend04/Content/StarterContent/Materials/M_Ground_Moss.uasset" 764
"C:/Users/Dennis/Documents/Unreal Projects/Descend04/Content/StarterContent/Textures/T_ground_Moss_D.uasset" 765
"C:/Users/Dennis/Documents/Unreal Projects/Descend04/Content/StarterContent/Textures/T_Ground_Moss_N.uasset" 766
"C:/Users/Dennis/Documents/Unreal Projects/Descend04/Content/StarterContent/Textures/T_Perlin_Noise_M.uasset" 767
"C:/Users/Dennis/Documents/Unreal Projects/Descend04/Content/StarterContent/Materials/M_Ground_Gravel.uasset" 768
"C:/Users/Dennis/Documents/Unreal Projects/Descend04/Content/StarterContent/Textures/T_Ground_Gravel_D.uasset" 769
"C:/Users/Dennis/Documents/Unreal Projects/Descend04/Content/StarterContent/Textures/T_Ground_Gravel_N.uasset" 770
"C:/Users/Dennis/Documents/Unreal Projects/Descend04/Content/StarterContent/Materials/M_Ground_Grass.uasset" 771
"C:/Users/Dennis/Documents/Unreal Projects/Descend04/Content/StarterContent/Textures/T_Ground_Grass_D.uasset" 772
"C:/Users/Dennis/Documents/Unreal Projects/Descend04/Content/StarterContent/Textures/T_Ground_Grass_N.uasset" 773
"C:/Users/Dennis/Documents/Unreal Projects/Descend04/Content/StarterContent/Materials/M_Concrete_Tiles.uasset" 774
"C:/Users/Dennis/Documents/Unreal Projects/Descend04/Content/StarterContent/Textures/T_Concrete_Tiles_D.uasset" 775
"C:/Users/Dennis/Documents/Unreal Projects/Descend04/Content/StarterContent/Textures/T_Concrete_Tiles_M.uasset" 776
"C:/Users/Dennis/Documents/Unreal Projects/Descend04/Content/StarterContent/Textures/T_Concrete_Tiles_N.uasset" 777
"C:/Users/Dennis/Documents/Unreal Projects/Descend04/Content/StarterContent/Textures/T_Concrete_Tiles_Variation_M.uasset" 778
"C:/Users/Dennis/Documents/Unreal Projects/Descend04/Content/StarterContent/Materials/M_Concrete_Poured.uasset" 779
"C:/Users/Dennis/Documents/Unreal Projects/Descend04/Content/StarterContent/Textures/T_Concrete_Poured_D.uasset" 780
"C:/Users/Dennis/Documents/Unreal Projects/Descend04/Content/StarterContent/Textures/T_Concrete_Poured_N.uasset" 781
"C:/Users/Dennis/Documents/Unreal Projects/Descend04/Content/StarterContent/Materials/M_Concrete_Panels.uasset" 782
"C:/Users/Dennis/Documents/Unreal Projects/Descend04/Content/StarterContent/Textures/T_Concrete_Panels_D.uasset" 783
"C:/Users/Dennis/Documents/Unreal Projects/Descend04/Content/StarterContent/Textures/T_Concrete_Panels_N.uasset" 784
"C:/Users/Dennis/Documents/Unreal Projects/Descend04/Content/StarterContent/Materials/M_Concrete_Grime.uasset" 785
"C:/Users/Dennis/Documents/Unreal Projects/Descend04/Content/StarterContent/Textures/T_Concrete_Grime_D.uasset" 786
"C:/Users/Dennis/Documents/Unreal Projects/Descend04/Content/StarterContent/Textures/T_Metal_Rust_N.uasset" 787
"C:/Users/Dennis/Documents/Unreal Projects/Descend04/Content/StarterContent/Materials/M_ColorGrid_LowSpec.uasset" 788
"C:/Users/Dennis/Documents/Unreal Projects/Descend04/Content/StarterContent/Materials/M_CobbleStone_Smooth.uasset" 789
"C:/Users/Dennis/Documents/Unreal Projects/Descend04/Content/StarterContent/Textures/T_CobbleStone_Smooth_D.uasset" 790
"C:/Users/Dennis/Documents/Unreal Projects/Descend04/Content/StarterContent/Textures/T_CobbleStone_Smooth_M.uasset" 791
"C:/Users/Dennis/Documents/Unreal Projects/Descend04/Content/StarterContent/Textures/T_CobbleStone_Smooth_N.uasset" 792
"C:/Users/Dennis/Documents/Unreal Projects/Descend04/Content/StarterContent/Textures/T_Gradinet_01.uasset" 793
"C:/Users/Dennis/Documents/Unreal Projects/Descend04/Content/StarterContent/Textures/T_Rock_Smooth_Granite_D.uasset" 794
"C:/Users/Dennis/Documents/Unreal Projects/Descend04/Content/StarterContent/Materials/M_CobbleStone_Rough.uasset" 795
"C:/Users/Dennis/Documents/Unreal Projects/Descend04/Content/StarterContent/Textures/T_CobbleStone_Rough_D.uasset" 796
"C:/Users/Dennis/Documents/Unreal Projects/Descend04/Content/StarterContent/Textures/T_CobbleStone_Rough_N.uasset" 797
"C:/Users/Dennis/Documents/Unreal Projects/Descend04/Content/StarterContent/Materials/M_CobbleStone_Pebble.uasset" 798
"C:/Users/Dennis/Documents/Unreal Projects/Descend04/Content/StarterContent/Textures/T_CobbleStone_Pebble_D.uasset" 799
"C:/Users/Dennis/Documents/Unreal Projects/Descend04/Content/StarterContent/Textures/T_CobbleStone_Pebble_N.uasset" 800
"C:/Users/Dennis/Documents/Unreal Projects/Descend04/Content/StarterContent/Materials/M_Ceramic_Tile_Checker.uasset" 801
"C:/Users/Dennis/Documents/Unreal Projects/Descend04/Content/StarterContent/Textures/T_Ceramic_Tile_M.uasset" 802
"C:/Users/Dennis/Documents/Unreal Projects/Descend04/Content/StarterContent/Textures/T_Ceramic_Tile_N.uasset" 803
"C:/Users/Dennis/Documents/Unreal Projects/Descend04/Content/StarterContent/Textures/T_Rock_Marble_Polished_D.uasset" 804
"C:/Users/Dennis/Documents/Unreal Projects/Descend04/Content/StarterContent/Materials/M_Brick_Hewn_Stone.uasset" 805
"C:/Users/Dennis/Documents/Unreal Projects/Descend04/Content/StarterContent/Textures/T_Brick_Hewn_Stone_D.uasset" 806
"C:/Users/Dennis/Documents/Unreal Projects/Descend04/Content/StarterContent/Textures/T_Brick_Hewn_Stone_M.uasset" 807
"C:/Users/Dennis/Documents/Unreal Projects/Descend04/Content/StarterContent/Textures/T_Brick_Hewn_Stone_N.uasset" 808
"C:/Users/Dennis/Documents/Unreal Projects/Descend04/Content/StarterContent/Materials/M_Brick_Cut_Stone.uasset" 809
"C:/Users/Dennis/Documents/Unreal Projects/Descend04/Content/StarterContent/Textures/T_Brick_Cut_Stone_D.uasset" 810
"C:/Users/Dennis/Documents/Unreal Projects/Descend04/Content/StarterContent/Textures/T_Brick_Cut_Stone_N.uasset" 811
"C:/Users/Dennis/Documents/Unreal Projects/Descend04/Content/StarterContent/Materials/M_Brick_Clay_Old.uasset" 812
"C:/Users/Dennis/Documents/Unreal Projects/Descend04/Content/StarterContent/Textures/T_Brick_Clay_Old_D.uasset" 813
"C:/Users/Dennis/Documents/Unreal Projects/Descend04/Content/StarterContent/Textures/T_Brick_Clay_Old_N.uasset" 814
"C:/Users/Dennis/Documents/Unreal Projects/Descend04/Content/StarterContent/Materials/M_Brick_Clay_New.uasset" 815
"C:/Users/Dennis/Documents/Unreal Projects/Descend04/Content/StarterContent/Textures/T_Brick_Clay_New_D.uasset" 816
"C:/Users/Dennis/Documents/Unreal Projects/Descend04/Content/StarterContent/Textures/T_Brick_Clay_New_M.uasset" 817
"C:/Users/Dennis/Documents/Unreal Projects/Descend04/Content/StarterContent/Textures/T_Brick_Clay_New_N.uasset" 818
"C:/Users/Dennis/Documents/Unreal Projects/Descend04/Content/StarterContent/Materials/M_Brick_Clay_Beveled.uasset" 819
"C:/Users/Dennis/Documents/Unreal Projects/Descend04/Content/StarterContent/Textures/T_Brick_Clay_Beveled_D.uasset" 820
"C:/Users/Dennis/Documents/Unreal Projects/Descend04/Content/StarterContent/Textures/T_Brick_Clay_Beveled_M.uasset" 821
"C:/Users/Dennis/Documents/Unreal Projects/Descend04/Content/StarterContent/Textures/T_Brick_Clay_Beveled_N.uasset" 822
"C:/Users/Dennis/Documents/Unreal Projects/Descend04/Content/StarterContent/HDRI/HDRI_Epic_Courtyard_Daylight.uasset" 823
"C:/Users/Dennis/Documents/Unreal Projects/Descend04/Content/StarterContent/Materials/M_Water_Ocean.uasset" 824
"C:/Users/Dennis/Documents/Unreal Projects/Descend04/Content/StarterContent/Textures/T_Water_M.uasset" 825
"C:/Users/Dennis/Documents/Unreal Projects/Descend04/Content/StarterContent/Materials/M_Water_Lake.uasset" 826
"C:/Users/Dennis/Documents/Unreal Projects/Descend04/Content/StarterContent/Materials/M_Tech_Panel.uasset" 827
"C:/Users/Dennis/Documents/Unreal Projects/Descend04/Content/StarterContent/Textures/T_Metal_Steel_D.uasset" 828
"C:/Users/Dennis/Documents/Unreal Projects/Descend04/Content/StarterContent/Textures/T_Tech_Panel_M.uasset" 829
"C:/Users/Dennis/Documents/Unreal Projects/Descend04/Content/StarterContent/Textures/T_Tech_Panel_N.uasset" 830
"C:/Users/Dennis/Documents/Unreal Projects/Descend04/Content/StarterContent/Materials/M_Tech_Hex_Tile_Pulse.uasset" 831
"C:/Users/Dennis/Documents/Unreal Projects/Descend04/Content/StarterContent/Textures/T_Tech_Hex_Tile_N.uasset" 832
"C:/Users/Dennis/Documents/Unreal Projects/Descend04/Content/StarterContent/Materials/M_Tech_Hex_Tile.uasset" 833
"C:/Users/Dennis/Documents/Unreal Projects/Descend04/Content/StarterContent/Materials/M_Tech_Checker_Dot.uasset" 834
"C:/Users/Dennis/Documents/Unreal Projects/Descend04/Content/StarterContent/Textures/T_Checker_Noise_M.uasset" 835
"C:/Users/Dennis/Documents/Unreal Projects/Descend04/Content/StarterContent/Textures/T_Single_Tile_N.uasset" 836
"C:/Users/Dennis/Documents/Unreal Projects/Descend04/Content/StarterContent/Textures/T_Tech_Dot_M.uasset" 837
"C:/Users/Dennis/Documents/Unreal Projects/Descend04/Content/StarterContent/Textures/T_Tech_Dot_N.uasset" 838
"C:/Users/Dennis/Documents/Unreal Projects/Descend04/Content/StarterContent/Materials/M_Rock_Slate.uasset" 839
"C:/Users/Dennis/Documents/Unreal Projects/Descend04/Content/StarterContent/Textures/T_Rock_Slate_D.uasset" 840
"C:/Users/Dennis/Documents/Unreal Projects/Descend04/Content/StarterContent/Textures/T_Rock_Slate_N.uasset" 841
"C:/Users/Dennis/Documents/Unreal Projects/Descend04/Content/StarterContent/Materials/M_Rock_Sandstone.uasset" 842
"C:/Users/Dennis/Documents/Unreal Projects/Descend04/Content/StarterContent/Textures/T_Rock_Sandstone_N.uasset" 843
"C:/Users/Dennis/Documents/Unreal Projects/Descend04/Content/StarterContent/Materials/M_Rock_Marble_Polished.uasset" 844
"C:/Users/Dennis/Documents/Unreal Projects/Descend04/Content/StarterContent/Materials/M_Rock_Basalt.uasset" 845
"C:/Users/Dennis/Documents/Unreal Projects/Descend04/Content/StarterContent/Textures/T_Rock_Basalt_N.uasset" 846
"C:/Users/Dennis/Documents/Unreal Projects/Descend04/Content/StarterContent/Materials/M_Metal_Steel.uasset" 847
"C:/Users/Dennis/Documents/Unreal Projects/Descend04/Content/StarterContent/Textures/T_Metal_Steel_N.uasset" 848
"C:/Users/Dennis/Documents/Unreal Projects/Descend04/Content/StarterContent/Materials/M_Metal_Rust.uasset" 849
"C:/Users/Dennis/Documents/Unreal Projects/Descend04/Content/StarterContent/Textures/T_Metal_Rust_D.uasset" 850
"C:/Users/Dennis/Documents/Unreal Projects/Descend04/Content/StarterContent/Materials/M_Metal_Gold.uasset" 851
"C:/Users/Dennis/Documents/Unreal Projects/Descend04/Content/StarterContent/Textures/T_Metal_Gold_D.uasset" 852
"C:/Users/Dennis/Documents/Unreal Projects/Descend04/Content/StarterContent/Materials/M_Metal_Chrome.uasset" 853
"C:/Users/Dennis/Documents/Unreal Projects/Descend04/Content/StarterContent/Blueprints/Assets/SunlightColorLUT.uasset" 854
"C:/Users/Dennis/Documents/Unreal Projects/Descend04/Content/StarterContent/Blueprints/Assets/SM_Arrows.uasset" 855
"C:/Users/Dennis/Documents/Unreal Projects/Descend04/Content/StarterContent/Blueprints/Assets/Skybox.uasset" 856
"../../../Engine/Content/EditorMaterials/Thumbnails/SkySphereMaterial.uasset" 857
"C:/Users/Dennis/Documents/Unreal Projects/Descend04/Content/StarterContent/Blueprints/Assets/M_LightStage_Skybox_Master.uasset" 858
"../../../Engine/Content/MapTemplates/Sky/DaylightAmbientCubemap.uasset" 859
"C:/Users/Dennis/Documents/Unreal Projects/Descend04/Content/StarterContent/Blueprints/Assets/M_LightStage_Skybox_HDRI.uasset" 860
"C:/Users/Dennis/Documents/Unreal Projects/Descend04/Content/StarterContent/Blueprints/Assets/M_LightStage_Skybox_Black.uasset" 861
"C:/Users/Dennis/Documents/Unreal Projects/Descend04/Content/StarterContent/Blueprints/Assets/M_LightStage_Arrows.uasset" 862
"C:/Users/Dennis/Documents/Unreal Projects/Descend04/Content/StarterContent/Blueprints/Assets/FogBrightnessLUT.uasset" 863
"C:/Users/Dennis/Documents/Unreal Projects/Descend04/Content/StarterContent/Blueprints/BP_LightStudio.uasset" 864
"C:/Users/Dennis/Documents/Unreal Projects/Descend04/Content/StarterContent/Blueprints/Blueprint_WallSconce.uasset" 865
"C:/Users/Dennis/Documents/Unreal Projects/Descend04/Content/StarterContent/Blueprints/Blueprint_Effect_Steam.uasset" 866
"C:/Users/Dennis/Documents/Unreal Projects/Descend04/Content/StarterContent/Blueprints/Blueprint_Effect_Sparks.uasset" 867
"C:/Users/Dennis/Documents/Unreal Projects/Descend04/Content/StarterContent/Particles/P_Sparks.uasset" 868
"C:/Users/Dennis/Documents/Unreal Projects/Descend04/Content/StarterContent/Blueprints/Blueprint_Effect_Smoke.uasset" 869
"C:/Users/Dennis/Documents/Unreal Projects/Descend04/Content/StarterContent/Particles/P_Smoke.uasset" 870
"../../../Engine/Content/Maps/Entry.umap" 871
"../../../Engine/Content/EngineMaterials/DefaultNormal.uasset" 872
"C:/Users/Dennis/Documents/Unreal Projects/Descend04/Content/TopDownBP/Maps/TopDownExampleMap.umap" 873
"../../../Engine/Content/EngineMaterials/AntiAliasedTextMaterialTranslucent.uasset" 874
"../../../Engine/Content/Functions/Engine_MaterialFunctions03/Procedurals/ComputeFilterWidth.uasset" 875
"C:/Users/Dennis/AppData/Local/UnrealEngine/Common/DerivedDataCache/9/0/0/PHYSX_1D9C17C451EA4FB88CB7A27536A65DB0_PHYSXPC_CDCE9A1C452EF2154F06B5A20735BA2C__1_0_13123_0.udd" 876
"C:/Users/Dennis/AppData/Local/UnrealEngine/Common/DerivedDataCache/3/8/4/PHYSX_1D9C17C451EA4FB88CB7A27536A65DB0_PHYSXPC_3FC324644254A2475FA41EBEF08D0001__1_0_13123_0.udd" 877
"C:/Users/Dennis/AppData/Local/UnrealEngine/Common/DerivedDataCache/3/4/1/PHYSX_1D9C17C451EA4FB88CB7A27536A65DB0_PHYSXPC_AF4171914823D37E21060CA01EABBC24__1_0_13123_0.udd" 878
"C:/Users/Dennis/AppData/Local/UnrealEngine/Common/DerivedDataCache/2/4/1/PHYSX_1D9C17C451EA4FB88CB7A27536A65DB0_PHYSXPC_BA6BF7034F10EEF7B6605291563EB4DD__1_0_13123_0.udd" 879
"C:/Users/Dennis/AppData/Local/UnrealEngine/Common/DerivedDataCache/8/6/7/REFL_ENC_96DFC022836B48889143E9DF484C3296_823135CB4F9FF8094E0EB9A531FDB4DB.udd" 880
"C:/Users/Dennis/AppData/Local/UnrealEngine/Common/DerivedDataCache/8/1/9/TEXTURE_814DCC3DC72143F49509781513CB9855_G8_A4B149C445E06C654E5F479AA761E403_0__D8864A0A04EF7941B5889D110DA14983CE4DD2FD.udd" 881
"C:/Users/Dennis/AppData/Local/UnrealEngine/Common/DerivedDataCache/8/4/3/TEXTURE_814DCC3DC72143F49509781513CB9855_G8_A4B149C445E06C654E5F479AA761E403_0__E88313532FEA241D837E126AB8B3A98B6D062939.udd" 882
"C:/Users/Dennis/AppData/Local/UnrealEngine/Common/DerivedDataCache/3/0/9/TEXTURE_814DCC3DC72143F49509781513CB9855_G8_A4B149C445E06C654E5F479AA761E403_0__B68FA36C3B2763FF6812DDF1C2205280F96ECFF5.udd" 883
"C:/Users/Dennis/AppData/Local/UnrealEngine/Common/DerivedDataCache/0/0/8/TEXTURE_814DCC3DC72143F49509781513CB9855_G8_A4B149C445E06C654E5F479AA761E403_0__2485046452CEFD538A732C2D570D5864AAC2DB50.udd" 884
"C:/Users/Dennis/AppData/Local/UnrealEngine/Common/DerivedDataCache/2/1/2/TEXTURE_814DCC3DC72143F49509781513CB9855_G8_A4B149C445E06C654E5F479AA761E403_0__CA38CB2C95B66E8EF4F513AE987CB3404FDE2E29.udd" 885
"C:/Users/Dennis/AppData/Local/UnrealEngine/Common/DerivedDataCache/3/8/7/TEXTURE_814DCC3DC72143F49509781513CB9855_G8_A4B149C445E06C654E5F479AA761E403_0__3F39A49AAD472A35AB7B096682AAB00F0EAAAD23.udd" 886
"C:/Users/Dennis/AppData/Local/UnrealEngine/Common/DerivedDataCache/3/8/6/TEXTURE_814DCC3DC72143F49509781513CB9855_G8_23556D1D42BBF0112300FF8AD538A3BE_0__C8BE2F46EFE9280339626D252466A94D6D44A69F.udd" 887
"C:/Users/Dennis/AppData/Local/UnrealEngine/Common/DerivedDataCache/4/7/1/TEXTURE_814DCC3DC72143F49509781513CB9855_G8_23556D1D42BBF0112300FF8AD538A3BE_0__339712B37FCBCB7478DB76BABB21B2924D24E70E.udd" 888
"C:/Users/Dennis/AppData/Local/UnrealEngine/Common/DerivedDataCache/3/5/8/TEXTURE_814DCC3DC72143F49509781513CB9855_G8_23556D1D42BBF0112300FF8AD538A3BE_0__ED6E63512B41F3E73FCCB702BDB93B89842D5D76.udd" 889
"C:/Users/Dennis/AppData/Local/UnrealEngine/Common/DerivedDataCache/3/0/5/TEXTURE_814DCC3DC72143F49509781513CB9855_G8_23556D1D42BBF0112300FF8AD538A3BE_0__692CE3D7C3D1ECE6217688709238A7890001CCB4.udd" 890
"C:/Users/Dennis/AppData/Local/UnrealEngine/Common/DerivedDataCache/6/7/9/TEXTURE_814DCC3DC72143F49509781513CB9855_G8_70594B554E5B181D8D58E192B2D652C5_0__5334E97386EAD6620AF6803117FF684C6727D5E4.udd" 891
"C:/Users/Dennis/AppData/Local/UnrealEngine/Common/DerivedDataCache/6/2/6/TEXTURE_814DCC3DC72143F49509781513CB9855_G8_70594B554E5B181D8D58E192B2D652C5_0__9B3DC777BE486A8EB8A628E556EF957CB511D7E4.udd" 892
"C:/Users/Dennis/AppData/Local/UnrealEngine/Common/DerivedDataCache/0/9/4/TEXTURE_814DCC3DC72143F49509781513CB9855_G8_70594B554E5B181D8D58E192B2D652C5_0__C8691159ADBDADB8C72DEF78E643C37DC8BB0321.udd" 893
"C:/Users/Dennis/AppData/Local/UnrealEngine/Common/DerivedDataCache/5/8/4/TEXTURE_814DCC3DC72143F49509781513CB9855_G8_70594B554E5B181D8D58E192B2D652C5_0__0EDEFBBEEE44963B81DB128CEBCA32066C375251.udd" 894
"C:/Users/Dennis/AppData/Local/UnrealEngine/Common/DerivedDataCache/1/1/0/TEXTURE_814DCC3DC72143F49509781513CB9855_G8_15DBBA9B43F0928B056F56A7E9E3ABE8_0__3DCD17DE68F1AC581B415DE3F042CBDE4ED383C0.udd" 895
"C:/Users/Dennis/AppData/Local/UnrealEngine/Common/DerivedDataCache/8/0/5/TEXTURE_814DCC3DC72143F49509781513CB9855_G8_15DBBA9B43F0928B056F56A7E9E3ABE8_0__E6B787C7C81C727C4FFAB155FC8457B2F0D7C62F.udd" 896
"C:/Users/Dennis/AppData/Local/UnrealEngine/Common/DerivedDataCache/5/1/6/TEXTURE_814DCC3DC72143F49509781513CB9855_G8_15DBBA9B43F0928B056F56A7E9E3ABE8_0__DAFE5745E6E50A0B1C75856FDC19B657ADB78F24.udd" 897
"C:/Users/Dennis/AppData/Local/UnrealEngine/Common/DerivedDataCache/0/3/5/TEXTURE_814DCC3DC72143F49509781513CB9855_G8_E5C005414BF5E485B069BCA3A4DA461D_0__624D2A27C5FD3A5766D484A8BC0CE5609F0B03F2.udd" 898
"C:/Users/Dennis/AppData/Local/UnrealEngine/Common/DerivedDataCache/9/9/2/TEXTURE_814DCC3DC72143F49509781513CB9855_G8_15DBBA9B43F0928B056F56A7E9E3ABE8_0__7F00075CA7F9B0CFEA87666BBA4BCAA9C4FDCC21.udd" 899
"C:/Users/Dennis/AppData/Local/UnrealEngine/Common/DerivedDataCache/3/3/0/TEXTURE_814DCC3DC72143F49509781513CB9855_G8_CE8CAF5E4D1FD78B8EE16EAC1A771531_0__0575AA00DFFB3264525366DD696B9F93AE0CDC8C.udd" 900
"C:/Users/Dennis/AppData/Local/UnrealEngine/Common/DerivedDataCache/3/7/8/TEXTURE_814DCC3DC72143F49509781513CB9855_G8_E5C005414BF5E485B069BCA3A4DA461D_0__FE384686D2AA9C070AE5406913BBBEE14C64DCF5.udd" 901
"C:/Users/Dennis/AppData/Local/UnrealEngine/Common/DerivedDataCache/0/5/3/TEXTURE_814DCC3DC72143F49509781513CB9855_G8_E5C005414BF5E485B069BCA3A4DA461D_0__EF1470A7E69B03EDAC0A9DAB76B838B599595CA3.udd" 902
"C:/Users/Dennis/AppData/Local/UnrealEngine/Common/DerivedDataCache/6/8/0/TEXTURE_814DCC3DC72143F49509781513CB9855_G8_E5C005414BF5E485B069BCA3A4DA461D_0__3244057DEB80D32A374C1A8A3C0242921D129B24.udd" 903
"C:/Users/Dennis/Documents/Unreal Projects/Descend04/Content/StarterContent/Shapes/Shape_Trim_90_In.uasset" 904
"../../../Engine/Content/MobileResources/T_MobileMenu2.uasset" 905
"../../../Engine/Content/MobileResources/HUD/MobileHUDButton1_off.uasset" 906
"../../../Engine/Content/MobileResources/HUD/MobileHUDDirectionPad3.uasset" 907
"C:/Users/Dennis/Documents/Unreal Projects/Descend04/Content/StarterContent/Materials/M_Wood_Pine.uasset" 908
"C:/Users/Dennis/Documents/Unreal Projects/Descend04/Content/StarterContent/Textures/T_Wood_Pine_D.uasset" 909
"C:/Users/Dennis/Documents/Unreal Projects/Descend04/Content/StarterContent/Textures/T_Wood_Pine_N.uasset" 910
"C:/Users/Dennis/Documents/Unreal Projects/Descend04/Content/StarterContent/Materials/M_Wood_Oak.uasset" 911
"C:/Users/Dennis/Documents/Unreal Projects/Descend04/Content/StarterContent/Textures/T_Wood_Oak_D.uasset" 912
"C:/Users/Dennis/Documents/Unreal Projects/Descend04/Content/StarterContent/Textures/T_Wood_Oak_N.uasset" 913
"C:/Users/Dennis/Documents/Unreal Projects/Descend04/Content/StarterContent/Materials/M_Wood_Floor_Walnut_Worn.uasset" 914
"../../../Engine/Content/Functions/Engine_MaterialFunctions01/Opacity/AlphaOffset.uasset" 915
"C:/Users/Dennis/Documents/Unreal Projects/Descend04/Content/StarterContent/Textures/T_Wood_Floor_Walnut_D.uasset" 916
"C:/Users/Dennis/Documents/Unreal Projects/Descend04/Content/StarterContent/Textures/T_Wood_Floor_Walnut_M.uasset" 917
"C:/Users/Dennis/Documents/Unreal Projects/Descend04/Content/StarterContent/Textures/T_Wood_Floor_Walnut_N.uasset" 918
"C:/Users/Dennis/Documents/Unreal Projects/Descend04/Content/StarterContent/Materials/M_Wood_Floor_Walnut_Polished.uasset" 919
"C:/Users/Dennis/Documents/Unreal Projects/Descend04/Content/StarterContent/Maps/StarterMap.umap" 920
"C:/Users/Dennis/Documents/Unreal Projects/Descend04/Content/StarterContent/Materials/M_Wood_Walnut.uasset" 921
"C:/Users/Dennis/Documents/Unreal Projects/Descend04/Content/StarterContent/Textures/T_Wood_Walnut_D.uasset" 922
"C:/Users/Dennis/Documents/Unreal Projects/Descend04/Content/StarterContent/Particles/P_Ambient_Dust.uasset" 923
"C:/Users/Dennis/AppData/Local/UnrealEngine/Common/DerivedDataCache/6/4/5/NAVCOLLISION_B89838347A4348138EE337A847529C5C_NAVCOLLISION_X_CC83B18C46C521503__09F7AA0BAC53A193EABDBFA81262345517C55B06.udd" 924
"../../../Engine/Content/EditorResources/AudioIcons/S_AudioComponent.uasset" 925
"C:/Users/Dennis/Documents/Unreal Projects/Descend04/Content/StarterContent/Shapes/Shape_WideCapsule.uasset" 926
"C:/Users/Dennis/Documents/Unreal Projects/Descend04/Content/StarterContent/Shapes/Shape_Wedge_B.uasset" 927
"C:/Users/Dennis/Documents/Unreal Projects/Descend04/Content/StarterContent/Shapes/Shape_Wedge_A.uasset" 928
"C:/Users/Dennis/Documents/Unreal Projects/Descend04/Content/StarterContent/Shapes/Shape_Tube.uasset" 929
"C:/Users/Dennis/Documents/Unreal Projects/Descend04/Content/StarterContent/Shapes/Shape_TriPyramid.uasset" 930
"C:/Users/Dennis/Documents/Unreal Projects/Descend04/Content/StarterContent/Shapes/Shape_Trim_90_Out.uasset" 931
"../../../Engine/Content/MobileResources/HUD/MobileHUDDirectionPad.uasset" 932
"C:/Users/Dennis/Documents/Unreal Projects/Descend04/Content/TopDownBP/Character/TopDownIdleRun.uasset" 933
"C:/Users/Dennis/Documents/Unreal Projects/Descend04/Content/TopDownBP/TopDownOverview.uasset" 934
"../../../Engine/Content/MobileResources/HUD/MobileHUDButton1_on.uasset" 935
"../../../Engine/Content/MobileResources/HUD/DefaultVirtualJoysticks.uasset" 936
"../../../Engine/Content/MobileResources/HUD/AnalogHat.uasset" 937
"C:/Users/Dennis/Documents/Unreal Projects/Descend04/Content/StarterContent/Maps/Advanced_Lighting.umap" 938
"../../../Engine/Content/EditorResources/LightIcons/S_LightError.uasset" 939
"../../../Engine/Content/MobileResources/HUD/MobileHUDButton2_on.uasset" 940
"C:/Users/Dennis/Documents/Unreal Projects/Descend04/Content/TopDownBP/Character/TopDownSkeletalMesh.uasset" 941
"../../../Engine/Content/MobileResources/T_MobileControls_texture.uasset" 942
"../../../Engine/Content/MobileResources/HUD/LeftVirtualJoystickOnly.uasset" 943
"..\..\..\Engine\Content\Internationalization\icudt53l\windowsZones.res" 944
"..\..\..\Engine\Content\Internationalization\icudt53l\zoneinfo64.res" 945
"..\..\..\Engine\Content\Internationalization\icudt53l\keyTypeData.res" 946
"..\..\..\Engine\Content\Internationalization\icudt53l\timezoneTypes.res" 947
"..\..\..\Engine\Content\Internationalization\icudt53l\likelySubtags.res" 948
"..\..\..\Engine\Content\Internationalization\icudt53l\supplementalData.res" 949
